INFO 2024-12-15 16:56:18,623 autoreload 32644 19124 Watching for file changes with StatReloader
INFO 2024-12-15 16:56:18,763 autoreload 21696 26204 Watching for file changes with StatReloader
INFO 2024-12-15 16:56:19,002 autoreload 23372 19952 Watching for file changes with StatReloader
INFO 2024-12-15 16:56:19,063 autoreload 29668 34432 Watching for file changes with StatReloader
INFO 2024-12-15 16:56:19,063 autoreload 31952 23380 Watching for file changes with StatReloader
INFO 2024-12-15 16:56:19,082 autoreload 19516 1552 Watching for file changes with StatReloader
INFO 2024-12-15 16:56:19,088 autoreload 3924 3076 Watching for file changes with StatReloader
INFO 2024-12-15 16:56:19,155 autoreload 14164 25012 Watching for file changes with StatReloader
INFO 2024-12-15 16:56:30,445 autoreload 32644 19124 C:\Users\COMPUTER_28\ex\webapp_project\jeju_local_spots\spots\views.py changed, reloading.
INFO 2024-12-15 16:56:30,562 autoreload 21696 26204 C:\Users\COMPUTER_28\ex\webapp_project\jeju_local_spots\spots\views.py changed, reloading.
INFO 2024-12-15 16:56:30,770 autoreload 35872 33020 Watching for file changes with StatReloader
INFO 2024-12-15 16:56:30,812 autoreload 23372 19952 C:\Users\COMPUTER_28\ex\webapp_project\jeju_local_spots\spots\views.py changed, reloading.
INFO 2024-12-15 16:56:30,888 autoreload 31220 34096 Watching for file changes with StatReloader
INFO 2024-12-15 16:56:31,000 autoreload 29668 34432 C:\Users\COMPUTER_28\ex\webapp_project\jeju_local_spots\spots\views.py changed, reloading.
INFO 2024-12-15 16:56:31,005 autoreload 19516 1552 C:\Users\COMPUTER_28\ex\webapp_project\jeju_local_spots\spots\views.py changed, reloading.
INFO 2024-12-15 16:56:31,006 autoreload 31952 23380 C:\Users\COMPUTER_28\ex\webapp_project\jeju_local_spots\spots\views.py changed, reloading.
INFO 2024-12-15 16:56:31,019 autoreload 14164 25012 C:\Users\COMPUTER_28\ex\webapp_project\jeju_local_spots\spots\views.py changed, reloading.
INFO 2024-12-15 16:56:31,026 autoreload 3924 3076 C:\Users\COMPUTER_28\ex\webapp_project\jeju_local_spots\spots\views.py changed, reloading.
INFO 2024-12-15 16:56:31,175 autoreload 13172 11632 Watching for file changes with StatReloader
INFO 2024-12-15 16:56:31,377 autoreload 18088 33532 Watching for file changes with StatReloader
INFO 2024-12-15 16:56:31,378 autoreload 20704 36468 Watching for file changes with StatReloader
INFO 2024-12-15 16:56:31,379 autoreload 26864 30632 Watching for file changes with StatReloader
INFO 2024-12-15 16:56:31,394 autoreload 9404 32776 Watching for file changes with StatReloader
INFO 2024-12-15 16:56:31,408 autoreload 23640 32104 Watching for file changes with StatReloader
INFO 2024-12-15 16:56:38,824 autoreload 33320 3716 Watching for file changes with StatReloader
INFO 2024-12-15 16:56:48,907 basehttp 35872 33316 "GET / HTTP/1.1" 200 12618
INFO 2024-12-15 16:56:50,454 basehttp 35872 33316 "GET /spots/ HTTP/1.1" 200 7647
INFO 2024-12-15 16:56:50,467 basehttp 35872 33316 "GET /media/spot_images/card-games_4293905.png HTTP/1.1" 304 0
INFO 2024-12-15 16:56:51,567 basehttp 35872 33316 "GET /spots/create/ HTTP/1.1" 200 9578
ERROR 2024-12-15 16:57:06,212 views 35872 33316 Form validation failed: <ul class="errorlist"><li>images<ul class="errorlist"><li>No file was submitted. Check the encoding type on the form.</li></ul></li></ul>
INFO 2024-12-15 16:57:06,213 basehttp 35872 33316 "POST /spots/create/ HTTP/1.1" 200 9578
INFO 2024-12-15 16:57:07,973 basehttp 35872 33316 "GET /spots/ HTTP/1.1" 200 7647
INFO 2024-12-15 16:57:10,224 basehttp 35872 33316 "GET /spots/create/ HTTP/1.1" 200 9578
ERROR 2024-12-15 16:57:17,051 views 35872 33316 Form validation failed: <ul class="errorlist"><li>images<ul class="errorlist"><li>No file was submitted. Check the encoding type on the form.</li></ul></li></ul>
INFO 2024-12-15 16:57:17,053 basehttp 35872 33316 "POST /spots/create/ HTTP/1.1" 200 9578
INFO 2024-12-15 16:57:18,470 basehttp 35872 33316 "GET /spots/ HTTP/1.1" 200 7647
INFO 2024-12-15 16:57:22,175 basehttp 35872 33316 "GET / HTTP/1.1" 200 12618
INFO 2024-12-15 16:58:22,935 autoreload 33320 3716 C:\Users\COMPUTER_28\ex\webapp_project\jeju_local_spots\config\settings.py changed, reloading.
INFO 2024-12-15 16:58:23,025 autoreload 31220 34096 C:\Users\COMPUTER_28\ex\webapp_project\jeju_local_spots\config\settings.py changed, reloading.
INFO 2024-12-15 16:58:23,027 autoreload 9404 32776 C:\Users\COMPUTER_28\ex\webapp_project\jeju_local_spots\config\settings.py changed, reloading.
INFO 2024-12-15 16:58:23,028 autoreload 13172 11632 C:\Users\COMPUTER_28\ex\webapp_project\jeju_local_spots\config\settings.py changed, reloading.
INFO 2024-12-15 16:58:23,032 autoreload 35872 33020 C:\Users\COMPUTER_28\ex\webapp_project\jeju_local_spots\config\settings.py changed, reloading.
INFO 2024-12-15 16:58:23,272 autoreload 29004 13444 Watching for file changes with StatReloader
INFO 2024-12-15 16:58:23,383 autoreload 23640 32104 C:\Users\COMPUTER_28\ex\webapp_project\jeju_local_spots\config\settings.py changed, reloading.
INFO 2024-12-15 16:58:23,391 autoreload 32520 9424 Watching for file changes with StatReloader
INFO 2024-12-15 16:58:23,391 autoreload 12360 11816 Watching for file changes with StatReloader
INFO 2024-12-15 16:58:23,391 autoreload 13924 22408 Watching for file changes with StatReloader
INFO 2024-12-15 16:58:23,392 autoreload 34940 26384 Watching for file changes with StatReloader
INFO 2024-12-15 16:58:23,487 autoreload 20704 36468 C:\Users\COMPUTER_28\ex\webapp_project\jeju_local_spots\config\settings.py changed, reloading.
INFO 2024-12-15 16:58:23,601 autoreload 18088 33532 C:\Users\COMPUTER_28\ex\webapp_project\jeju_local_spots\config\settings.py changed, reloading.
INFO 2024-12-15 16:58:23,739 autoreload 20180 19692 Watching for file changes with StatReloader
INFO 2024-12-15 16:58:23,838 autoreload 15044 20024 Watching for file changes with StatReloader
INFO 2024-12-15 16:58:23,877 autoreload 26864 30632 C:\Users\COMPUTER_28\ex\webapp_project\jeju_local_spots\config\settings.py changed, reloading.
INFO 2024-12-15 16:58:23,936 autoreload 21188 30336 Watching for file changes with StatReloader
INFO 2024-12-15 16:58:24,207 autoreload 29240 32412 Watching for file changes with StatReloader
INFO 2024-12-15 16:58:41,398 autoreload 23324 32880 Watching for file changes with StatReloader
INFO 2024-12-15 16:58:45,288 basehttp 29004 22992 "GET / HTTP/1.1" 200 12618
INFO 2024-12-15 16:58:46,136 basehttp 29004 22992 "GET / HTTP/1.1" 200 12618
INFO 2024-12-15 16:58:46,844 basehttp 29004 22992 "GET /spots/ HTTP/1.1" 200 7647
INFO 2024-12-15 16:58:47,819 basehttp 29004 22992 "GET /spots/create/ HTTP/1.1" 200 9117
ERROR 2024-12-15 16:59:01,165 views 29004 22992 Form validation failed: <ul class="errorlist"><li>images<ul class="errorlist"><li>No file was submitted. Check the encoding type on the form.</li></ul></li></ul>
INFO 2024-12-15 16:59:01,168 basehttp 29004 22992 "POST /spots/create/ HTTP/1.1" 200 9909
INFO 2024-12-15 16:59:36,805 autoreload 12360 11816 C:\Users\COMPUTER_28\ex\webapp_project\jeju_local_spots\spots\forms.py changed, reloading.
INFO 2024-12-15 16:59:36,842 autoreload 13924 22408 C:\Users\COMPUTER_28\ex\webapp_project\jeju_local_spots\spots\forms.py changed, reloading.
INFO 2024-12-15 16:59:37,032 autoreload 15044 20024 C:\Users\COMPUTER_28\ex\webapp_project\jeju_local_spots\spots\forms.py changed, reloading.
INFO 2024-12-15 16:59:37,034 autoreload 23324 32880 C:\Users\COMPUTER_28\ex\webapp_project\jeju_local_spots\spots\forms.py changed, reloading.
INFO 2024-12-15 16:59:37,046 autoreload 20180 19692 C:\Users\COMPUTER_28\ex\webapp_project\jeju_local_spots\spots\forms.py changed, reloading.
INFO 2024-12-15 16:59:37,047 autoreload 21188 30336 C:\Users\COMPUTER_28\ex\webapp_project\jeju_local_spots\spots\forms.py changed, reloading.
INFO 2024-12-15 16:59:37,096 autoreload 29240 32412 C:\Users\COMPUTER_28\ex\webapp_project\jeju_local_spots\spots\forms.py changed, reloading.
INFO 2024-12-15 16:59:37,155 autoreload 14804 10508 Watching for file changes with StatReloader
INFO 2024-12-15 16:59:37,197 autoreload 17988 13088 Watching for file changes with StatReloader
INFO 2024-12-15 16:59:37,392 autoreload 29004 13444 C:\Users\COMPUTER_28\ex\webapp_project\jeju_local_spots\spots\forms.py changed, reloading.
INFO 2024-12-15 16:59:37,432 autoreload 26424 29092 Watching for file changes with StatReloader
INFO 2024-12-15 16:59:37,440 autoreload 27012 35740 Watching for file changes with StatReloader
INFO 2024-12-15 16:59:37,465 autoreload 36208 27936 Watching for file changes with StatReloader
INFO 2024-12-15 16:59:37,470 autoreload 29736 20044 Watching for file changes with StatReloader
INFO 2024-12-15 16:59:37,492 autoreload 17404 17392 Watching for file changes with StatReloader
INFO 2024-12-15 16:59:37,515 autoreload 32520 9424 C:\Users\COMPUTER_28\ex\webapp_project\jeju_local_spots\spots\forms.py changed, reloading.
INFO 2024-12-15 16:59:37,717 autoreload 34940 26384 C:\Users\COMPUTER_28\ex\webapp_project\jeju_local_spots\spots\forms.py changed, reloading.
INFO 2024-12-15 16:59:37,774 autoreload 10984 30492 Watching for file changes with StatReloader
INFO 2024-12-15 16:59:37,876 autoreload 35136 26564 Watching for file changes with StatReloader
INFO 2024-12-15 16:59:38,057 autoreload 28040 16860 Watching for file changes with StatReloader
INFO 2024-12-15 16:59:52,555 autoreload 10984 30492 C:\Users\COMPUTER_28\ex\webapp_project\jeju_local_spots\config\settings.py changed, reloading.
INFO 2024-12-15 16:59:52,663 autoreload 35136 26564 C:\Users\COMPUTER_28\ex\webapp_project\jeju_local_spots\config\settings.py changed, reloading.
INFO 2024-12-15 16:59:52,839 autoreload 28040 16860 C:\Users\COMPUTER_28\ex\webapp_project\jeju_local_spots\config\settings.py changed, reloading.
INFO 2024-12-15 16:59:52,873 autoreload 14348 28884 Watching for file changes with StatReloader
INFO 2024-12-15 16:59:52,873 autoreload 14348 28884 Watching for file changes with StatReloader
INFO 2024-12-15 16:59:52,980 autoreload 35836 35100 Watching for file changes with StatReloader
INFO 2024-12-15 16:59:52,980 autoreload 35836 35100 Watching for file changes with StatReloader
INFO 2024-12-15 16:59:53,121 autoreload 14804 10508 C:\Users\COMPUTER_28\ex\webapp_project\jeju_local_spots\config\settings.py changed, reloading.
INFO 2024-12-15 16:59:53,122 autoreload 17988 13088 C:\Users\COMPUTER_28\ex\webapp_project\jeju_local_spots\config\settings.py changed, reloading.
INFO 2024-12-15 16:59:53,176 autoreload 20048 26008 Watching for file changes with StatReloader
INFO 2024-12-15 16:59:53,176 autoreload 20048 26008 Watching for file changes with StatReloader
INFO 2024-12-15 16:59:53,394 autoreload 26424 29092 C:\Users\COMPUTER_28\ex\webapp_project\jeju_local_spots\config\settings.py changed, reloading.
INFO 2024-12-15 16:59:53,416 autoreload 27012 35740 C:\Users\COMPUTER_28\ex\webapp_project\jeju_local_spots\config\settings.py changed, reloading.
INFO 2024-12-15 16:59:53,464 autoreload 17520 36264 Watching for file changes with StatReloader
INFO 2024-12-15 16:59:53,464 autoreload 17520 36264 Watching for file changes with StatReloader
INFO 2024-12-15 16:59:53,464 autoreload 31048 27508 Watching for file changes with StatReloader
INFO 2024-12-15 16:59:53,464 autoreload 31048 27508 Watching for file changes with StatReloader
INFO 2024-12-15 16:59:53,478 autoreload 29736 20044 C:\Users\COMPUTER_28\ex\webapp_project\jeju_local_spots\config\settings.py changed, reloading.
INFO 2024-12-15 16:59:53,488 autoreload 17404 17392 C:\Users\COMPUTER_28\ex\webapp_project\jeju_local_spots\config\settings.py changed, reloading.
INFO 2024-12-15 16:59:53,494 autoreload 36208 27936 C:\Users\COMPUTER_28\ex\webapp_project\jeju_local_spots\config\settings.py changed, reloading.
INFO 2024-12-15 16:59:53,744 autoreload 18424 33100 Watching for file changes with StatReloader
INFO 2024-12-15 16:59:53,744 autoreload 18424 33100 Watching for file changes with StatReloader
INFO 2024-12-15 16:59:53,767 autoreload 9376 15728 Watching for file changes with StatReloader
INFO 2024-12-15 16:59:53,767 autoreload 9376 15728 Watching for file changes with StatReloader
INFO 2024-12-15 16:59:53,829 autoreload 25716 10988 Watching for file changes with StatReloader
INFO 2024-12-15 16:59:53,829 autoreload 25716 10988 Watching for file changes with StatReloader
INFO 2024-12-15 16:59:53,843 autoreload 8536 32960 Watching for file changes with StatReloader
INFO 2024-12-15 16:59:53,843 autoreload 8536 32960 Watching for file changes with StatReloader
INFO 2024-12-15 16:59:53,843 autoreload 728 11076 Watching for file changes with StatReloader
INFO 2024-12-15 16:59:53,843 autoreload 728 11076 Watching for file changes with StatReloader
INFO 2024-12-15 17:00:12,619 autoreload 26260 31020 Watching for file changes with StatReloader
INFO 2024-12-15 17:00:12,619 autoreload 26260 31020 Watching for file changes with StatReloader
INFO 2024-12-15 17:00:51,717 autoreload 23344 22356 Watching for file changes with StatReloader
INFO 2024-12-15 17:00:51,717 autoreload 23344 22356 Watching for file changes with StatReloader
INFO 2024-12-15 17:01:21,567 autoreload 16276 20332 Watching for file changes with StatReloader
INFO 2024-12-15 17:01:21,567 autoreload 16276 20332 Watching for file changes with StatReloader
INFO 2024-12-15 17:01:49,403 autoreload 32808 34692 Watching for file changes with StatReloader
INFO 2024-12-15 17:01:49,403 autoreload 32808 34692 Watching for file changes with StatReloader
INFO 2024-12-15 17:01:57,514 basehttp 32808 10860 "GET / HTTP/1.1" 200 12618
INFO 2024-12-15 17:01:57,514 basehttp 32808 10860 "GET / HTTP/1.1" 200 12618
INFO 2024-12-15 17:01:59,199 basehttp 32808 10860 "GET /spots/ HTTP/1.1" 200 7647
INFO 2024-12-15 17:01:59,199 basehttp 32808 10860 "GET /spots/ HTTP/1.1" 200 7647
INFO 2024-12-15 17:01:59,210 basehttp 32808 10860 "GET /media/spot_images/card-games_4293905.png HTTP/1.1" 304 0
INFO 2024-12-15 17:01:59,210 basehttp 32808 10860 "GET /media/spot_images/card-games_4293905.png HTTP/1.1" 304 0
INFO 2024-12-15 17:01:59,959 basehttp 32808 10860 "GET /spots/create/ HTTP/1.1" 200 9134
INFO 2024-12-15 17:01:59,959 basehttp 32808 10860 "GET /spots/create/ HTTP/1.1" 200 9134
INFO 2024-12-15 17:02:08,410 forms 32808 10860 Uploaded images in clean method: [<InMemoryUploadedFile: gambling-online_8674136.png (image/png)>]
INFO 2024-12-15 17:02:08,410 forms 32808 10860 Uploaded images in clean method: [<InMemoryUploadedFile: gambling-online_8674136.png (image/png)>]
ERROR 2024-12-15 17:02:08,412 views 32808 10860 Form validation failed: <ul class="errorlist"><li>images<ul class="errorlist"><li>No file was submitted. Check the encoding type on the form.</li></ul></li></ul>
ERROR 2024-12-15 17:02:08,412 views 32808 10860 Form validation failed: <ul class="errorlist"><li>images<ul class="errorlist"><li>No file was submitted. Check the encoding type on the form.</li></ul></li></ul>
INFO 2024-12-15 17:02:08,415 basehttp 32808 10860 "POST /spots/create/ HTTP/1.1" 200 9892
INFO 2024-12-15 17:02:08,415 basehttp 32808 10860 "POST /spots/create/ HTTP/1.1" 200 9892
INFO 2024-12-15 17:02:59,482 autoreload 32808 34692 C:\Users\COMPUTER_28\ex\webapp_project\jeju_local_spots\spots\views.py changed, reloading.
INFO 2024-12-15 17:02:59,482 autoreload 32808 34692 C:\Users\COMPUTER_28\ex\webapp_project\jeju_local_spots\spots\views.py changed, reloading.
INFO 2024-12-15 17:02:59,805 autoreload 33552 28876 Watching for file changes with StatReloader
INFO 2024-12-15 17:02:59,805 autoreload 33552 28876 Watching for file changes with StatReloader
INFO 2024-12-15 17:03:10,528 autoreload 33552 28876 C:\Users\COMPUTER_28\ex\webapp_project\jeju_local_spots\spots\forms.py changed, reloading.
INFO 2024-12-15 17:03:10,528 autoreload 33552 28876 C:\Users\COMPUTER_28\ex\webapp_project\jeju_local_spots\spots\forms.py changed, reloading.
INFO 2024-12-15 17:03:10,852 autoreload 31284 36704 Watching for file changes with StatReloader
INFO 2024-12-15 17:03:10,852 autoreload 31284 36704 Watching for file changes with StatReloader
INFO 2024-12-15 17:03:19,678 autoreload 11872 21916 Watching for file changes with StatReloader
INFO 2024-12-15 17:03:19,678 autoreload 11872 21916 Watching for file changes with StatReloader
INFO 2024-12-15 17:03:22,014 basehttp 31284 29708 "GET / HTTP/1.1" 200 12618
INFO 2024-12-15 17:03:22,014 basehttp 31284 29708 "GET / HTTP/1.1" 200 12618
INFO 2024-12-15 17:03:22,027 basehttp 31284 29708 "GET /static/css/custom.css HTTP/1.1" 304 0
INFO 2024-12-15 17:03:22,027 basehttp 31284 29708 "GET /static/css/custom.css HTTP/1.1" 304 0
INFO 2024-12-15 17:03:22,028 basehttp 31284 33144 "GET /static/js/custom.js HTTP/1.1" 304 0
INFO 2024-12-15 17:03:22,028 basehttp 31284 33144 "GET /static/js/custom.js HTTP/1.1" 304 0
INFO 2024-12-15 17:03:22,649 basehttp 31284 33144 "GET /spots/ HTTP/1.1" 200 7647
INFO 2024-12-15 17:03:22,649 basehttp 31284 33144 "GET /spots/ HTTP/1.1" 200 7647
INFO 2024-12-15 17:03:24,255 basehttp 31284 33144 "GET /spots/create/ HTTP/1.1" 200 9134
INFO 2024-12-15 17:03:24,255 basehttp 31284 33144 "GET /spots/create/ HTTP/1.1" 200 9134
INFO 2024-12-15 17:03:35,330 forms 31284 33144 Form data before clean: <QueryDict: {'csrfmiddlewaretoken': ['034En2ovyfZoX5d9gUbOlrZ2LOR38kKlZUVjDNlSXVEv1AVL5OgGi5clOJWaspFq'], 'title': ['맛집'], 'description': ['맛집'], 'address': ['제주특별자치도 서귀포시 색달동 2812-4 예래동 호텔롯데제주'], 'category': ['1']}>
INFO 2024-12-15 17:03:35,330 forms 31284 33144 Form data before clean: <QueryDict: {'csrfmiddlewaretoken': ['034En2ovyfZoX5d9gUbOlrZ2LOR38kKlZUVjDNlSXVEv1AVL5OgGi5clOJWaspFq'], 'title': ['맛집'], 'description': ['맛집'], 'address': ['제주특별자치도 서귀포시 색달동 2812-4 예래동 호텔롯데제주'], 'category': ['1']}>
INFO 2024-12-15 17:03:35,332 forms 31284 33144 Form files before clean: <MultiValueDict: {'images': [<InMemoryUploadedFile: card-games_4293905.png (image/png)>]}>
INFO 2024-12-15 17:03:35,332 forms 31284 33144 Form files before clean: <MultiValueDict: {'images': [<InMemoryUploadedFile: card-games_4293905.png (image/png)>]}>
INFO 2024-12-15 17:03:35,332 forms 31284 33144 Uploaded images in clean method: [<InMemoryUploadedFile: card-games_4293905.png (image/png)>]
INFO 2024-12-15 17:03:35,332 forms 31284 33144 Uploaded images in clean method: [<InMemoryUploadedFile: card-games_4293905.png (image/png)>]
ERROR 2024-12-15 17:03:35,333 views 31284 33144 Form validation failed: <ul class="errorlist"><li>images<ul class="errorlist"><li>No file was submitted. Check the encoding type on the form.</li></ul></li></ul>
ERROR 2024-12-15 17:03:35,333 views 31284 33144 Form validation failed: <ul class="errorlist"><li>images<ul class="errorlist"><li>No file was submitted. Check the encoding type on the form.</li></ul></li></ul>
ERROR 2024-12-15 17:03:35,333 views 31284 33144 Form data: <QueryDict: {'csrfmiddlewaretoken': ['034En2ovyfZoX5d9gUbOlrZ2LOR38kKlZUVjDNlSXVEv1AVL5OgGi5clOJWaspFq'], 'title': ['맛집'], 'description': ['맛집'], 'address': ['제주특별자치도 서귀포시 색달동 2812-4 예래동 호텔롯데제주'], 'category': ['1']}>
ERROR 2024-12-15 17:03:35,333 views 31284 33144 Form data: <QueryDict: {'csrfmiddlewaretoken': ['034En2ovyfZoX5d9gUbOlrZ2LOR38kKlZUVjDNlSXVEv1AVL5OgGi5clOJWaspFq'], 'title': ['맛집'], 'description': ['맛집'], 'address': ['제주특별자치도 서귀포시 색달동 2812-4 예래동 호텔롯데제주'], 'category': ['1']}>
ERROR 2024-12-15 17:03:35,333 views 31284 33144 Form files: <MultiValueDict: {'images': [<InMemoryUploadedFile: card-games_4293905.png (image/png)>]}>
ERROR 2024-12-15 17:03:35,333 views 31284 33144 Form files: <MultiValueDict: {'images': [<InMemoryUploadedFile: card-games_4293905.png (image/png)>]}>
INFO 2024-12-15 17:03:35,336 basehttp 31284 33144 "POST /spots/create/ HTTP/1.1" 200 9975
INFO 2024-12-15 17:03:35,336 basehttp 31284 33144 "POST /spots/create/ HTTP/1.1" 200 9975
INFO 2024-12-15 17:03:38,932 basehttp 31284 33144 "GET / HTTP/1.1" 200 12618
INFO 2024-12-15 17:03:38,932 basehttp 31284 33144 "GET / HTTP/1.1" 200 12618
INFO 2024-12-15 17:03:46,425 autoreload 21796 25816 Watching for file changes with StatReloader
INFO 2024-12-15 17:03:46,425 autoreload 21796 25816 Watching for file changes with StatReloader
INFO 2024-12-15 17:04:53,239 autoreload 31796 12928 Watching for file changes with StatReloader
INFO 2024-12-15 17:04:53,239 autoreload 31796 12928 Watching for file changes with StatReloader
INFO 2024-12-15 17:04:57,178 basehttp 31284 33144 "GET / HTTP/1.1" 200 12618
INFO 2024-12-15 17:04:57,178 basehttp 31284 33144 "GET / HTTP/1.1" 200 12618
INFO 2024-12-15 17:04:57,896 basehttp 31284 33144 "GET /spots/ HTTP/1.1" 200 7647
INFO 2024-12-15 17:04:57,896 basehttp 31284 33144 "GET /spots/ HTTP/1.1" 200 7647
INFO 2024-12-15 17:04:57,905 basehttp 31284 33144 "GET /media/spot_images/card-games_4293905.png HTTP/1.1" 304 0
INFO 2024-12-15 17:04:57,905 basehttp 31284 33144 "GET /media/spot_images/card-games_4293905.png HTTP/1.1" 304 0
INFO 2024-12-15 17:04:59,003 basehttp 31284 33144 "GET /spots/create/ HTTP/1.1" 200 9134
INFO 2024-12-15 17:04:59,003 basehttp 31284 33144 "GET /spots/create/ HTTP/1.1" 200 9134
INFO 2024-12-15 17:05:06,243 forms 31284 33144 Form data before clean: <QueryDict: {'csrfmiddlewaretoken': ['WW6m4ps1j2Nfijllkx8YllQiK7HtjB0XVNX1kapoIIsmmO3X9rdQiZ3BN2MADGV2'], 'title': ['123'], 'description': ['1231'], 'address': ['제주특별자치도 서귀포시 색달동 2812-4 예래동 호텔롯데제주'], 'category': ['1']}>
INFO 2024-12-15 17:05:06,243 forms 31284 33144 Form data before clean: <QueryDict: {'csrfmiddlewaretoken': ['WW6m4ps1j2Nfijllkx8YllQiK7HtjB0XVNX1kapoIIsmmO3X9rdQiZ3BN2MADGV2'], 'title': ['123'], 'description': ['1231'], 'address': ['제주특별자치도 서귀포시 색달동 2812-4 예래동 호텔롯데제주'], 'category': ['1']}>
INFO 2024-12-15 17:05:06,243 forms 31284 33144 Form files before clean: <MultiValueDict: {'images': [<InMemoryUploadedFile: back-image.jpg (image/jpeg)>]}>
INFO 2024-12-15 17:05:06,243 forms 31284 33144 Form files before clean: <MultiValueDict: {'images': [<InMemoryUploadedFile: back-image.jpg (image/jpeg)>]}>
INFO 2024-12-15 17:05:06,243 forms 31284 33144 Uploaded images in clean method: [<InMemoryUploadedFile: back-image.jpg (image/jpeg)>]
INFO 2024-12-15 17:05:06,243 forms 31284 33144 Uploaded images in clean method: [<InMemoryUploadedFile: back-image.jpg (image/jpeg)>]
ERROR 2024-12-15 17:05:06,244 views 31284 33144 Form validation failed: <ul class="errorlist"><li>images<ul class="errorlist"><li>No file was submitted. Check the encoding type on the form.</li></ul></li></ul>
ERROR 2024-12-15 17:05:06,244 views 31284 33144 Form validation failed: <ul class="errorlist"><li>images<ul class="errorlist"><li>No file was submitted. Check the encoding type on the form.</li></ul></li></ul>
ERROR 2024-12-15 17:05:06,244 views 31284 33144 Form data: <QueryDict: {'csrfmiddlewaretoken': ['WW6m4ps1j2Nfijllkx8YllQiK7HtjB0XVNX1kapoIIsmmO3X9rdQiZ3BN2MADGV2'], 'title': ['123'], 'description': ['1231'], 'address': ['제주특별자치도 서귀포시 색달동 2812-4 예래동 호텔롯데제주'], 'category': ['1']}>
ERROR 2024-12-15 17:05:06,244 views 31284 33144 Form data: <QueryDict: {'csrfmiddlewaretoken': ['WW6m4ps1j2Nfijllkx8YllQiK7HtjB0XVNX1kapoIIsmmO3X9rdQiZ3BN2MADGV2'], 'title': ['123'], 'description': ['1231'], 'address': ['제주특별자치도 서귀포시 색달동 2812-4 예래동 호텔롯데제주'], 'category': ['1']}>
ERROR 2024-12-15 17:05:06,244 views 31284 33144 Form files: <MultiValueDict: {'images': [<InMemoryUploadedFile: back-image.jpg (image/jpeg)>]}>
ERROR 2024-12-15 17:05:06,244 views 31284 33144 Form files: <MultiValueDict: {'images': [<InMemoryUploadedFile: back-image.jpg (image/jpeg)>]}>
INFO 2024-12-15 17:05:06,247 basehttp 31284 33144 "POST /spots/create/ HTTP/1.1" 200 9970
INFO 2024-12-15 17:05:06,247 basehttp 31284 33144 "POST /spots/create/ HTTP/1.1" 200 9970
INFO 2024-12-15 17:06:11,066 autoreload 31284 36704 C:\Users\COMPUTER_28\ex\webapp_project\jeju_local_spots\spots\views.py changed, reloading.
INFO 2024-12-15 17:06:11,066 autoreload 31284 36704 C:\Users\COMPUTER_28\ex\webapp_project\jeju_local_spots\spots\views.py changed, reloading.
INFO 2024-12-15 17:06:11,424 autoreload 31796 12928 C:\Users\COMPUTER_28\ex\webapp_project\jeju_local_spots\spots\views.py changed, reloading.
INFO 2024-12-15 17:06:11,424 autoreload 31796 12928 C:\Users\COMPUTER_28\ex\webapp_project\jeju_local_spots\spots\views.py changed, reloading.
INFO 2024-12-15 17:06:11,506 autoreload 11872 21916 C:\Users\COMPUTER_28\ex\webapp_project\jeju_local_spots\spots\views.py changed, reloading.
INFO 2024-12-15 17:06:11,506 autoreload 11872 21916 C:\Users\COMPUTER_28\ex\webapp_project\jeju_local_spots\spots\views.py changed, reloading.
INFO 2024-12-15 17:06:11,733 autoreload 28296 15920 Watching for file changes with StatReloader
INFO 2024-12-15 17:06:11,733 autoreload 28296 15920 Watching for file changes with StatReloader
INFO 2024-12-15 17:06:24,576 autoreload 28296 15920 C:\Users\COMPUTER_28\ex\webapp_project\jeju_local_spots\spots\forms.py changed, reloading.
INFO 2024-12-15 17:06:24,576 autoreload 28296 15920 C:\Users\COMPUTER_28\ex\webapp_project\jeju_local_spots\spots\forms.py changed, reloading.
INFO 2024-12-15 17:06:24,901 autoreload 27252 17268 Watching for file changes with StatReloader
INFO 2024-12-15 17:06:24,901 autoreload 27252 17268 Watching for file changes with StatReloader
INFO 2024-12-15 17:07:03,087 autoreload 21128 26364 Watching for file changes with StatReloader
INFO 2024-12-15 17:07:03,087 autoreload 21128 26364 Watching for file changes with StatReloader
INFO 2024-12-15 17:07:16,359 basehttp 21128 26332 "GET / HTTP/1.1" 200 12618
INFO 2024-12-15 17:07:16,359 basehttp 21128 26332 "GET / HTTP/1.1" 200 12618
INFO 2024-12-15 17:07:19,380 basehttp 21128 26332 "GET /spots/ HTTP/1.1" 200 7647
INFO 2024-12-15 17:07:19,380 basehttp 21128 26332 "GET /spots/ HTTP/1.1" 200 7647
INFO 2024-12-15 17:07:20,510 basehttp 21128 26332 "GET /spots/create/ HTTP/1.1" 200 9134
INFO 2024-12-15 17:07:20,510 basehttp 21128 26332 "GET /spots/create/ HTTP/1.1" 200 9134
INFO 2024-12-15 17:07:29,739 forms 21128 26332 Form data before clean: <QueryDict: {'csrfmiddlewaretoken': ['ADOMM07AkNV1yvQtZqyfpMpurIMQDfLjzuFr2L4XJtA8C0y5OkD7mqCNuDRXXkGo'], 'title': ['123'], 'description': ['123'], 'address': ['제주특별자치도 서귀포시 색달동 2812-4 예래동 호텔롯데제주'], 'category': ['1']}>
INFO 2024-12-15 17:07:29,739 forms 21128 26332 Form data before clean: <QueryDict: {'csrfmiddlewaretoken': ['ADOMM07AkNV1yvQtZqyfpMpurIMQDfLjzuFr2L4XJtA8C0y5OkD7mqCNuDRXXkGo'], 'title': ['123'], 'description': ['123'], 'address': ['제주특별자치도 서귀포시 색달동 2812-4 예래동 호텔롯데제주'], 'category': ['1']}>
INFO 2024-12-15 17:07:29,740 forms 21128 26332 Form files before clean: <MultiValueDict: {'images': [<InMemoryUploadedFile: card-games_4293905.png (image/png)>]}>
INFO 2024-12-15 17:07:29,740 forms 21128 26332 Form files before clean: <MultiValueDict: {'images': [<InMemoryUploadedFile: card-games_4293905.png (image/png)>]}>
INFO 2024-12-15 17:07:29,740 forms 21128 26332 Uploaded images in clean method: [<InMemoryUploadedFile: card-games_4293905.png (image/png)>]
INFO 2024-12-15 17:07:29,740 forms 21128 26332 Uploaded images in clean method: [<InMemoryUploadedFile: card-games_4293905.png (image/png)>]
ERROR 2024-12-15 17:07:29,741 views 21128 26332 Form validation failed: <ul class="errorlist"><li>images<ul class="errorlist"><li>No file was submitted. Check the encoding type on the form.</li></ul></li></ul>
ERROR 2024-12-15 17:07:29,741 views 21128 26332 Form validation failed: <ul class="errorlist"><li>images<ul class="errorlist"><li>No file was submitted. Check the encoding type on the form.</li></ul></li></ul>
ERROR 2024-12-15 17:07:29,742 views 21128 26332 Form data: <QueryDict: {'csrfmiddlewaretoken': ['ADOMM07AkNV1yvQtZqyfpMpurIMQDfLjzuFr2L4XJtA8C0y5OkD7mqCNuDRXXkGo'], 'title': ['123'], 'description': ['123'], 'address': ['제주특별자치도 서귀포시 색달동 2812-4 예래동 호텔롯데제주'], 'category': ['1']}>
ERROR 2024-12-15 17:07:29,742 views 21128 26332 Form data: <QueryDict: {'csrfmiddlewaretoken': ['ADOMM07AkNV1yvQtZqyfpMpurIMQDfLjzuFr2L4XJtA8C0y5OkD7mqCNuDRXXkGo'], 'title': ['123'], 'description': ['123'], 'address': ['제주특별자치도 서귀포시 색달동 2812-4 예래동 호텔롯데제주'], 'category': ['1']}>
ERROR 2024-12-15 17:07:29,742 views 21128 26332 Form files: <MultiValueDict: {'images': [<InMemoryUploadedFile: card-games_4293905.png (image/png)>]}>
ERROR 2024-12-15 17:07:29,742 views 21128 26332 Form files: <MultiValueDict: {'images': [<InMemoryUploadedFile: card-games_4293905.png (image/png)>]}>
INFO 2024-12-15 17:07:29,744 basehttp 21128 26332 "POST /spots/create/ HTTP/1.1" 200 9969
INFO 2024-12-15 17:07:29,744 basehttp 21128 26332 "POST /spots/create/ HTTP/1.1" 200 9969
INFO 2024-12-15 17:10:49,389 autoreload 21128 26364 C:\Users\COMPUTER_28\ex\webapp_project\jeju_local_spots\spots\views.py changed, reloading.
INFO 2024-12-15 17:10:49,389 autoreload 21128 26364 C:\Users\COMPUTER_28\ex\webapp_project\jeju_local_spots\spots\views.py changed, reloading.
INFO 2024-12-15 17:11:37,460 autoreload 13192 35704 Watching for file changes with StatReloader
INFO 2024-12-15 17:11:37,460 autoreload 13192 35704 Watching for file changes with StatReloader
INFO 2024-12-15 17:11:39,712 basehttp 13192 32092 "GET / HTTP/1.1" 200 12618
INFO 2024-12-15 17:11:39,712 basehttp 13192 32092 "GET / HTTP/1.1" 200 12618
INFO 2024-12-15 17:11:43,259 basehttp 13192 32092 "GET /spots/ HTTP/1.1" 200 7647
INFO 2024-12-15 17:11:43,259 basehttp 13192 32092 "GET /spots/ HTTP/1.1" 200 7647
INFO 2024-12-15 17:11:43,269 basehttp 13192 32092 "GET /media/spot_images/card-games_4293905.png HTTP/1.1" 304 0
INFO 2024-12-15 17:11:43,269 basehttp 13192 32092 "GET /media/spot_images/card-games_4293905.png HTTP/1.1" 304 0
INFO 2024-12-15 17:11:44,336 basehttp 13192 32092 "GET /spots/create/ HTTP/1.1" 200 9413
INFO 2024-12-15 17:11:44,336 basehttp 13192 32092 "GET /spots/create/ HTTP/1.1" 200 9413
INFO 2024-12-15 17:11:51,889 forms 13192 32092 Form data before clean: <QueryDict: {'csrfmiddlewaretoken': ['3imcr0xVQoSiXrCS3rswwmU7JxMtUR2P29dRHLuif4xp1WkuSlxot07qMsRAeWXU'], 'title': ['123'], 'description': ['123'], 'address': ['제주특별자치도 서귀포시 색달동 2812-4 예래동 호텔롯데제주'], 'category': ['1']}>
INFO 2024-12-15 17:11:51,889 forms 13192 32092 Form data before clean: <QueryDict: {'csrfmiddlewaretoken': ['3imcr0xVQoSiXrCS3rswwmU7JxMtUR2P29dRHLuif4xp1WkuSlxot07qMsRAeWXU'], 'title': ['123'], 'description': ['123'], 'address': ['제주특별자치도 서귀포시 색달동 2812-4 예래동 호텔롯데제주'], 'category': ['1']}>
INFO 2024-12-15 17:11:51,889 forms 13192 32092 Form files before clean: <MultiValueDict: {'images': [<InMemoryUploadedFile: card-games_4293905.png (image/png)>]}>
INFO 2024-12-15 17:11:51,889 forms 13192 32092 Form files before clean: <MultiValueDict: {'images': [<InMemoryUploadedFile: card-games_4293905.png (image/png)>]}>
INFO 2024-12-15 17:11:51,889 forms 13192 32092 Uploaded images in clean method: [<InMemoryUploadedFile: card-games_4293905.png (image/png)>]
INFO 2024-12-15 17:11:51,889 forms 13192 32092 Uploaded images in clean method: [<InMemoryUploadedFile: card-games_4293905.png (image/png)>]
INFO 2024-12-15 17:11:51,890 forms 13192 32092 Number of uploaded images: 1
INFO 2024-12-15 17:11:51,890 forms 13192 32092 Number of uploaded images: 1
ERROR 2024-12-15 17:11:51,891 views 13192 32092 Form validation failed: <ul class="errorlist"><li>images<ul class="errorlist"><li>No file was submitted. Check the encoding type on the form.</li></ul></li></ul>
ERROR 2024-12-15 17:11:51,891 views 13192 32092 Form validation failed: <ul class="errorlist"><li>images<ul class="errorlist"><li>No file was submitted. Check the encoding type on the form.</li></ul></li></ul>
ERROR 2024-12-15 17:11:51,891 views 13192 32092 Form data: <QueryDict: {'csrfmiddlewaretoken': ['3imcr0xVQoSiXrCS3rswwmU7JxMtUR2P29dRHLuif4xp1WkuSlxot07qMsRAeWXU'], 'title': ['123'], 'description': ['123'], 'address': ['제주특별자치도 서귀포시 색달동 2812-4 예래동 호텔롯데제주'], 'category': ['1']}>
ERROR 2024-12-15 17:11:51,891 views 13192 32092 Form data: <QueryDict: {'csrfmiddlewaretoken': ['3imcr0xVQoSiXrCS3rswwmU7JxMtUR2P29dRHLuif4xp1WkuSlxot07qMsRAeWXU'], 'title': ['123'], 'description': ['123'], 'address': ['제주특별자치도 서귀포시 색달동 2812-4 예래동 호텔롯데제주'], 'category': ['1']}>
ERROR 2024-12-15 17:11:51,892 views 13192 32092 Form files: <MultiValueDict: {'images': [<InMemoryUploadedFile: card-games_4293905.png (image/png)>]}>
ERROR 2024-12-15 17:11:51,892 views 13192 32092 Form files: <MultiValueDict: {'images': [<InMemoryUploadedFile: card-games_4293905.png (image/png)>]}>
INFO 2024-12-15 17:11:51,895 basehttp 13192 32092 "POST /spots/create/ HTTP/1.1" 200 10248
INFO 2024-12-15 17:11:51,895 basehttp 13192 32092 "POST /spots/create/ HTTP/1.1" 200 10248
INFO 2024-12-15 17:12:42,265 autoreload 13192 35704 C:\Users\COMPUTER_28\ex\webapp_project\jeju_local_spots\spots\forms.py changed, reloading.
INFO 2024-12-15 17:12:42,265 autoreload 13192 35704 C:\Users\COMPUTER_28\ex\webapp_project\jeju_local_spots\spots\forms.py changed, reloading.
INFO 2024-12-15 17:12:42,592 autoreload 20180 29240 Watching for file changes with StatReloader
INFO 2024-12-15 17:12:42,592 autoreload 20180 29240 Watching for file changes with StatReloader
INFO 2024-12-15 17:13:00,608 autoreload 20180 29240 C:\Users\COMPUTER_28\ex\webapp_project\jeju_local_spots\spots\views.py changed, reloading.
INFO 2024-12-15 17:13:00,608 autoreload 20180 29240 C:\Users\COMPUTER_28\ex\webapp_project\jeju_local_spots\spots\views.py changed, reloading.
INFO 2024-12-15 17:13:00,921 autoreload 28324 24844 Watching for file changes with StatReloader
INFO 2024-12-15 17:13:00,921 autoreload 28324 24844 Watching for file changes with StatReloader
INFO 2024-12-15 17:17:56,455 autoreload 15804 30728 Watching for file changes with StatReloader
INFO 2024-12-15 17:17:56,455 autoreload 15804 30728 Watching for file changes with StatReloader
INFO 2024-12-15 17:18:09,944 autoreload 27100 32436 Watching for file changes with StatReloader
INFO 2024-12-15 17:18:09,944 autoreload 27100 32436 Watching for file changes with StatReloader
INFO 2024-12-15 17:18:15,692 basehttp 27100 9076 "GET / HTTP/1.1" 200 12618
INFO 2024-12-15 17:18:15,692 basehttp 27100 9076 "GET / HTTP/1.1" 200 12618
INFO 2024-12-15 17:18:15,707 basehttp 27100 9076 "GET /static/css/custom.css HTTP/1.1" 304 0
INFO 2024-12-15 17:18:15,707 basehttp 27100 9076 "GET /static/css/custom.css HTTP/1.1" 304 0
INFO 2024-12-15 17:18:15,708 basehttp 27100 25072 "GET /static/js/custom.js HTTP/1.1" 304 0
INFO 2024-12-15 17:18:15,708 basehttp 27100 25072 "GET /static/js/custom.js HTTP/1.1" 304 0
INFO 2024-12-15 17:18:17,329 basehttp 27100 25072 "GET /spots/ HTTP/1.1" 200 7647
INFO 2024-12-15 17:18:17,329 basehttp 27100 25072 "GET /spots/ HTTP/1.1" 200 7647
INFO 2024-12-15 17:18:17,339 basehttp 27100 25072 "GET /media/spot_images/card-games_4293905.png HTTP/1.1" 304 0
INFO 2024-12-15 17:18:17,339 basehttp 27100 25072 "GET /media/spot_images/card-games_4293905.png HTTP/1.1" 304 0
INFO 2024-12-15 17:18:18,291 forms 27100 25072 Form initialization - args: (), kwargs: {'initial': {}, 'prefix': None, 'instance': None}
INFO 2024-12-15 17:18:18,291 forms 27100 25072 Form initialization - args: (), kwargs: {'initial': {}, 'prefix': None, 'instance': None}
INFO 2024-12-15 17:18:18,292 forms 27100 25072 Form initial data: {}
INFO 2024-12-15 17:18:18,292 forms 27100 25072 Form initial data: {}
INFO 2024-12-15 17:18:18,292 forms 27100 25072 Form data: <MultiValueDict: {}>
INFO 2024-12-15 17:18:18,292 forms 27100 25072 Form data: <MultiValueDict: {}>
INFO 2024-12-15 17:18:18,292 forms 27100 25072 Form files: <MultiValueDict: {}>
INFO 2024-12-15 17:18:18,292 forms 27100 25072 Form files: <MultiValueDict: {}>
INFO 2024-12-15 17:18:18,303 basehttp 27100 25072 "GET /spots/create/ HTTP/1.1" 200 9458
INFO 2024-12-15 17:18:18,303 basehttp 27100 25072 "GET /spots/create/ HTTP/1.1" 200 9458
INFO 2024-12-15 17:18:27,548 forms 27100 25072 Form initialization - args: (), kwargs: {'initial': {}, 'prefix': None, 'data': <QueryDict: {'csrfmiddlewaretoken': ['5QqSZskxgzmDdnHJhaujUhAdY6mBst1b4HhxfdhUFf1KhSpl64zbRVNw11rIMyWg'], 'title': ['123'], 'description': ['123'], 'address': ['제주특별자치도 서귀포시 색달동 2812-4 예래동 호텔롯데제주'], 'category': ['1']}>, 'files': <MultiValueDict: {'images': [<InMemoryUploadedFile: back-image.jpg (image/jpeg)>]}>, 'instance': None}
INFO 2024-12-15 17:18:27,548 forms 27100 25072 Form initialization - args: (), kwargs: {'initial': {}, 'prefix': None, 'data': <QueryDict: {'csrfmiddlewaretoken': ['5QqSZskxgzmDdnHJhaujUhAdY6mBst1b4HhxfdhUFf1KhSpl64zbRVNw11rIMyWg'], 'title': ['123'], 'description': ['123'], 'address': ['제주특별자치도 서귀포시 색달동 2812-4 예래동 호텔롯데제주'], 'category': ['1']}>, 'files': <MultiValueDict: {'images': [<InMemoryUploadedFile: back-image.jpg (image/jpeg)>]}>, 'instance': None}
INFO 2024-12-15 17:18:27,548 forms 27100 25072 Form initial data: {}
INFO 2024-12-15 17:18:27,548 forms 27100 25072 Form initial data: {}
INFO 2024-12-15 17:18:27,548 forms 27100 25072 Form data: <QueryDict: {'csrfmiddlewaretoken': ['5QqSZskxgzmDdnHJhaujUhAdY6mBst1b4HhxfdhUFf1KhSpl64zbRVNw11rIMyWg'], 'title': ['123'], 'description': ['123'], 'address': ['제주특별자치도 서귀포시 색달동 2812-4 예래동 호텔롯데제주'], 'category': ['1']}>
INFO 2024-12-15 17:18:27,548 forms 27100 25072 Form data: <QueryDict: {'csrfmiddlewaretoken': ['5QqSZskxgzmDdnHJhaujUhAdY6mBst1b4HhxfdhUFf1KhSpl64zbRVNw11rIMyWg'], 'title': ['123'], 'description': ['123'], 'address': ['제주특별자치도 서귀포시 색달동 2812-4 예래동 호텔롯데제주'], 'category': ['1']}>
INFO 2024-12-15 17:18:27,548 forms 27100 25072 Form files: <MultiValueDict: {'images': [<InMemoryUploadedFile: back-image.jpg (image/jpeg)>]}>
INFO 2024-12-15 17:18:27,548 forms 27100 25072 Form files: <MultiValueDict: {'images': [<InMemoryUploadedFile: back-image.jpg (image/jpeg)>]}>
INFO 2024-12-15 17:18:27,549 forms 27100 25072 Form data before clean: <QueryDict: {'csrfmiddlewaretoken': ['5QqSZskxgzmDdnHJhaujUhAdY6mBst1b4HhxfdhUFf1KhSpl64zbRVNw11rIMyWg'], 'title': ['123'], 'description': ['123'], 'address': ['제주특별자치도 서귀포시 색달동 2812-4 예래동 호텔롯데제주'], 'category': ['1']}>
INFO 2024-12-15 17:18:27,549 forms 27100 25072 Form data before clean: <QueryDict: {'csrfmiddlewaretoken': ['5QqSZskxgzmDdnHJhaujUhAdY6mBst1b4HhxfdhUFf1KhSpl64zbRVNw11rIMyWg'], 'title': ['123'], 'description': ['123'], 'address': ['제주특별자치도 서귀포시 색달동 2812-4 예래동 호텔롯데제주'], 'category': ['1']}>
INFO 2024-12-15 17:18:27,549 forms 27100 25072 Form files before clean: <MultiValueDict: {'images': [<InMemoryUploadedFile: back-image.jpg (image/jpeg)>]}>
INFO 2024-12-15 17:18:27,549 forms 27100 25072 Form files before clean: <MultiValueDict: {'images': [<InMemoryUploadedFile: back-image.jpg (image/jpeg)>]}>
INFO 2024-12-15 17:18:27,549 forms 27100 25072 Uploaded images in clean method: [<InMemoryUploadedFile: back-image.jpg (image/jpeg)>]
INFO 2024-12-15 17:18:27,549 forms 27100 25072 Uploaded images in clean method: [<InMemoryUploadedFile: back-image.jpg (image/jpeg)>]
INFO 2024-12-15 17:18:27,549 forms 27100 25072 Number of uploaded images: 1
INFO 2024-12-15 17:18:27,549 forms 27100 25072 Number of uploaded images: 1
ERROR 2024-12-15 17:18:27,550 views 27100 25072 Form validation failed: <ul class="errorlist"><li>images<ul class="errorlist"><li>No file was submitted. Check the encoding type on the form.</li></ul></li></ul>
ERROR 2024-12-15 17:18:27,550 views 27100 25072 Form validation failed: <ul class="errorlist"><li>images<ul class="errorlist"><li>No file was submitted. Check the encoding type on the form.</li></ul></li></ul>
ERROR 2024-12-15 17:18:27,550 views 27100 25072 Form data: <QueryDict: {'csrfmiddlewaretoken': ['5QqSZskxgzmDdnHJhaujUhAdY6mBst1b4HhxfdhUFf1KhSpl64zbRVNw11rIMyWg'], 'title': ['123'], 'description': ['123'], 'address': ['제주특별자치도 서귀포시 색달동 2812-4 예래동 호텔롯데제주'], 'category': ['1']}>
ERROR 2024-12-15 17:18:27,550 views 27100 25072 Form data: <QueryDict: {'csrfmiddlewaretoken': ['5QqSZskxgzmDdnHJhaujUhAdY6mBst1b4HhxfdhUFf1KhSpl64zbRVNw11rIMyWg'], 'title': ['123'], 'description': ['123'], 'address': ['제주특별자치도 서귀포시 색달동 2812-4 예래동 호텔롯데제주'], 'category': ['1']}>
ERROR 2024-12-15 17:18:27,550 views 27100 25072 Form files: <MultiValueDict: {'images': [<InMemoryUploadedFile: back-image.jpg (image/jpeg)>]}>
ERROR 2024-12-15 17:18:27,550 views 27100 25072 Form files: <MultiValueDict: {'images': [<InMemoryUploadedFile: back-image.jpg (image/jpeg)>]}>
INFO 2024-12-15 17:18:27,552 basehttp 27100 25072 "POST /spots/create/ HTTP/1.1" 200 10293
INFO 2024-12-15 17:18:27,552 basehttp 27100 25072 "POST /spots/create/ HTTP/1.1" 200 10293
INFO 2024-12-15 17:18:41,099 forms 27100 25072 Form initialization - args: (), kwargs: {'initial': {}, 'prefix': None, 'data': <QueryDict: {'csrfmiddlewaretoken': ['TH0oBg1v0Ha1W3BPid7FB5cysd48JQ53SyR3R1YSpnP80yjr77cxyJpRv89f3V08'], 'title': ['123'], 'description': ['123'], 'address': ['제주특별자치도 서귀포시 색달동 2812-4 예래동 호텔롯데제주'], 'category': ['1']}>, 'files': <MultiValueDict: {'images': [<InMemoryUploadedFile: card-games_4293905.png (image/png)>]}>, 'instance': None}
INFO 2024-12-15 17:18:41,099 forms 27100 25072 Form initialization - args: (), kwargs: {'initial': {}, 'prefix': None, 'data': <QueryDict: {'csrfmiddlewaretoken': ['TH0oBg1v0Ha1W3BPid7FB5cysd48JQ53SyR3R1YSpnP80yjr77cxyJpRv89f3V08'], 'title': ['123'], 'description': ['123'], 'address': ['제주특별자치도 서귀포시 색달동 2812-4 예래동 호텔롯데제주'], 'category': ['1']}>, 'files': <MultiValueDict: {'images': [<InMemoryUploadedFile: card-games_4293905.png (image/png)>]}>, 'instance': None}
INFO 2024-12-15 17:18:41,100 forms 27100 25072 Form initial data: {}
INFO 2024-12-15 17:18:41,100 forms 27100 25072 Form initial data: {}
INFO 2024-12-15 17:18:41,100 forms 27100 25072 Form data: <QueryDict: {'csrfmiddlewaretoken': ['TH0oBg1v0Ha1W3BPid7FB5cysd48JQ53SyR3R1YSpnP80yjr77cxyJpRv89f3V08'], 'title': ['123'], 'description': ['123'], 'address': ['제주특별자치도 서귀포시 색달동 2812-4 예래동 호텔롯데제주'], 'category': ['1']}>
INFO 2024-12-15 17:18:41,100 forms 27100 25072 Form data: <QueryDict: {'csrfmiddlewaretoken': ['TH0oBg1v0Ha1W3BPid7FB5cysd48JQ53SyR3R1YSpnP80yjr77cxyJpRv89f3V08'], 'title': ['123'], 'description': ['123'], 'address': ['제주특별자치도 서귀포시 색달동 2812-4 예래동 호텔롯데제주'], 'category': ['1']}>
INFO 2024-12-15 17:18:41,100 forms 27100 25072 Form files: <MultiValueDict: {'images': [<InMemoryUploadedFile: card-games_4293905.png (image/png)>]}>
INFO 2024-12-15 17:18:41,100 forms 27100 25072 Form files: <MultiValueDict: {'images': [<InMemoryUploadedFile: card-games_4293905.png (image/png)>]}>
INFO 2024-12-15 17:18:41,100 forms 27100 25072 Form data before clean: <QueryDict: {'csrfmiddlewaretoken': ['TH0oBg1v0Ha1W3BPid7FB5cysd48JQ53SyR3R1YSpnP80yjr77cxyJpRv89f3V08'], 'title': ['123'], 'description': ['123'], 'address': ['제주특별자치도 서귀포시 색달동 2812-4 예래동 호텔롯데제주'], 'category': ['1']}>
INFO 2024-12-15 17:18:41,100 forms 27100 25072 Form data before clean: <QueryDict: {'csrfmiddlewaretoken': ['TH0oBg1v0Ha1W3BPid7FB5cysd48JQ53SyR3R1YSpnP80yjr77cxyJpRv89f3V08'], 'title': ['123'], 'description': ['123'], 'address': ['제주특별자치도 서귀포시 색달동 2812-4 예래동 호텔롯데제주'], 'category': ['1']}>
INFO 2024-12-15 17:18:41,100 forms 27100 25072 Form files before clean: <MultiValueDict: {'images': [<InMemoryUploadedFile: card-games_4293905.png (image/png)>]}>
INFO 2024-12-15 17:18:41,100 forms 27100 25072 Form files before clean: <MultiValueDict: {'images': [<InMemoryUploadedFile: card-games_4293905.png (image/png)>]}>
INFO 2024-12-15 17:18:41,100 forms 27100 25072 Uploaded images in clean method: [<InMemoryUploadedFile: card-games_4293905.png (image/png)>]
INFO 2024-12-15 17:18:41,100 forms 27100 25072 Uploaded images in clean method: [<InMemoryUploadedFile: card-games_4293905.png (image/png)>]
INFO 2024-12-15 17:18:41,100 forms 27100 25072 Number of uploaded images: 1
INFO 2024-12-15 17:18:41,100 forms 27100 25072 Number of uploaded images: 1
ERROR 2024-12-15 17:18:41,101 views 27100 25072 Form validation failed: <ul class="errorlist"><li>images<ul class="errorlist"><li>No file was submitted. Check the encoding type on the form.</li></ul></li></ul>
ERROR 2024-12-15 17:18:41,101 views 27100 25072 Form validation failed: <ul class="errorlist"><li>images<ul class="errorlist"><li>No file was submitted. Check the encoding type on the form.</li></ul></li></ul>
ERROR 2024-12-15 17:18:41,101 views 27100 25072 Form data: <QueryDict: {'csrfmiddlewaretoken': ['TH0oBg1v0Ha1W3BPid7FB5cysd48JQ53SyR3R1YSpnP80yjr77cxyJpRv89f3V08'], 'title': ['123'], 'description': ['123'], 'address': ['제주특별자치도 서귀포시 색달동 2812-4 예래동 호텔롯데제주'], 'category': ['1']}>
ERROR 2024-12-15 17:18:41,101 views 27100 25072 Form data: <QueryDict: {'csrfmiddlewaretoken': ['TH0oBg1v0Ha1W3BPid7FB5cysd48JQ53SyR3R1YSpnP80yjr77cxyJpRv89f3V08'], 'title': ['123'], 'description': ['123'], 'address': ['제주특별자치도 서귀포시 색달동 2812-4 예래동 호텔롯데제주'], 'category': ['1']}>
ERROR 2024-12-15 17:18:41,101 views 27100 25072 Form files: <MultiValueDict: {'images': [<InMemoryUploadedFile: card-games_4293905.png (image/png)>]}>
ERROR 2024-12-15 17:18:41,101 views 27100 25072 Form files: <MultiValueDict: {'images': [<InMemoryUploadedFile: card-games_4293905.png (image/png)>]}>
INFO 2024-12-15 17:18:41,104 basehttp 27100 25072 "POST /spots/create/ HTTP/1.1" 200 10293
INFO 2024-12-15 17:18:41,104 basehttp 27100 25072 "POST /spots/create/ HTTP/1.1" 200 10293
INFO 2024-12-15 17:19:25,649 forms 27100 25072 Form initialization - args: (), kwargs: {'initial': {}, 'prefix': None, 'data': <QueryDict: {'csrfmiddlewaretoken': ['OC2mU1bgfr7xicV0b1IZ7pSdVeyGIiDZNtT1aM8DE7MEmHDC0VNR435wY9DN2ny4'], 'title': ['123'], 'description': ['123'], 'address': ['제주특별자치도 서귀포시 색달동 2812-4 예래동 호텔롯데제주'], 'category': ['1']}>, 'files': <MultiValueDict: {'images': [<InMemoryUploadedFile: card-games_4293905.png (image/png)>]}>, 'instance': None}
INFO 2024-12-15 17:19:25,649 forms 27100 25072 Form initialization - args: (), kwargs: {'initial': {}, 'prefix': None, 'data': <QueryDict: {'csrfmiddlewaretoken': ['OC2mU1bgfr7xicV0b1IZ7pSdVeyGIiDZNtT1aM8DE7MEmHDC0VNR435wY9DN2ny4'], 'title': ['123'], 'description': ['123'], 'address': ['제주특별자치도 서귀포시 색달동 2812-4 예래동 호텔롯데제주'], 'category': ['1']}>, 'files': <MultiValueDict: {'images': [<InMemoryUploadedFile: card-games_4293905.png (image/png)>]}>, 'instance': None}
INFO 2024-12-15 17:19:25,649 forms 27100 25072 Form initial data: {}
INFO 2024-12-15 17:19:25,649 forms 27100 25072 Form initial data: {}
INFO 2024-12-15 17:19:25,649 forms 27100 25072 Form data: <QueryDict: {'csrfmiddlewaretoken': ['OC2mU1bgfr7xicV0b1IZ7pSdVeyGIiDZNtT1aM8DE7MEmHDC0VNR435wY9DN2ny4'], 'title': ['123'], 'description': ['123'], 'address': ['제주특별자치도 서귀포시 색달동 2812-4 예래동 호텔롯데제주'], 'category': ['1']}>
INFO 2024-12-15 17:19:25,649 forms 27100 25072 Form data: <QueryDict: {'csrfmiddlewaretoken': ['OC2mU1bgfr7xicV0b1IZ7pSdVeyGIiDZNtT1aM8DE7MEmHDC0VNR435wY9DN2ny4'], 'title': ['123'], 'description': ['123'], 'address': ['제주특별자치도 서귀포시 색달동 2812-4 예래동 호텔롯데제주'], 'category': ['1']}>
INFO 2024-12-15 17:19:25,649 forms 27100 25072 Form files: <MultiValueDict: {'images': [<InMemoryUploadedFile: card-games_4293905.png (image/png)>]}>
INFO 2024-12-15 17:19:25,649 forms 27100 25072 Form files: <MultiValueDict: {'images': [<InMemoryUploadedFile: card-games_4293905.png (image/png)>]}>
INFO 2024-12-15 17:19:25,650 forms 27100 25072 Form data before clean: <QueryDict: {'csrfmiddlewaretoken': ['OC2mU1bgfr7xicV0b1IZ7pSdVeyGIiDZNtT1aM8DE7MEmHDC0VNR435wY9DN2ny4'], 'title': ['123'], 'description': ['123'], 'address': ['제주특별자치도 서귀포시 색달동 2812-4 예래동 호텔롯데제주'], 'category': ['1']}>
INFO 2024-12-15 17:19:25,650 forms 27100 25072 Form data before clean: <QueryDict: {'csrfmiddlewaretoken': ['OC2mU1bgfr7xicV0b1IZ7pSdVeyGIiDZNtT1aM8DE7MEmHDC0VNR435wY9DN2ny4'], 'title': ['123'], 'description': ['123'], 'address': ['제주특별자치도 서귀포시 색달동 2812-4 예래동 호텔롯데제주'], 'category': ['1']}>
INFO 2024-12-15 17:19:25,650 forms 27100 25072 Form files before clean: <MultiValueDict: {'images': [<InMemoryUploadedFile: card-games_4293905.png (image/png)>]}>
INFO 2024-12-15 17:19:25,650 forms 27100 25072 Form files before clean: <MultiValueDict: {'images': [<InMemoryUploadedFile: card-games_4293905.png (image/png)>]}>
INFO 2024-12-15 17:19:25,650 forms 27100 25072 Uploaded images in clean method: [<InMemoryUploadedFile: card-games_4293905.png (image/png)>]
INFO 2024-12-15 17:19:25,650 forms 27100 25072 Uploaded images in clean method: [<InMemoryUploadedFile: card-games_4293905.png (image/png)>]
INFO 2024-12-15 17:19:25,650 forms 27100 25072 Number of uploaded images: 1
INFO 2024-12-15 17:19:25,650 forms 27100 25072 Number of uploaded images: 1
ERROR 2024-12-15 17:19:25,651 views 27100 25072 Form validation failed: <ul class="errorlist"><li>images<ul class="errorlist"><li>No file was submitted. Check the encoding type on the form.</li></ul></li></ul>
ERROR 2024-12-15 17:19:25,651 views 27100 25072 Form validation failed: <ul class="errorlist"><li>images<ul class="errorlist"><li>No file was submitted. Check the encoding type on the form.</li></ul></li></ul>
ERROR 2024-12-15 17:19:25,651 views 27100 25072 Form data: <QueryDict: {'csrfmiddlewaretoken': ['OC2mU1bgfr7xicV0b1IZ7pSdVeyGIiDZNtT1aM8DE7MEmHDC0VNR435wY9DN2ny4'], 'title': ['123'], 'description': ['123'], 'address': ['제주특별자치도 서귀포시 색달동 2812-4 예래동 호텔롯데제주'], 'category': ['1']}>
ERROR 2024-12-15 17:19:25,651 views 27100 25072 Form data: <QueryDict: {'csrfmiddlewaretoken': ['OC2mU1bgfr7xicV0b1IZ7pSdVeyGIiDZNtT1aM8DE7MEmHDC0VNR435wY9DN2ny4'], 'title': ['123'], 'description': ['123'], 'address': ['제주특별자치도 서귀포시 색달동 2812-4 예래동 호텔롯데제주'], 'category': ['1']}>
ERROR 2024-12-15 17:19:25,651 views 27100 25072 Form files: <MultiValueDict: {'images': [<InMemoryUploadedFile: card-games_4293905.png (image/png)>]}>
ERROR 2024-12-15 17:19:25,651 views 27100 25072 Form files: <MultiValueDict: {'images': [<InMemoryUploadedFile: card-games_4293905.png (image/png)>]}>
INFO 2024-12-15 17:19:25,654 basehttp 27100 25072 "POST /spots/create/ HTTP/1.1" 200 10293
INFO 2024-12-15 17:19:25,654 basehttp 27100 25072 "POST /spots/create/ HTTP/1.1" 200 10293
INFO 2024-12-15 17:19:30,409 autoreload 27100 32436 C:\Users\COMPUTER_28\ex\webapp_project\jeju_local_spots\spots\forms.py changed, reloading.
INFO 2024-12-15 17:19:30,409 autoreload 27100 32436 C:\Users\COMPUTER_28\ex\webapp_project\jeju_local_spots\spots\forms.py changed, reloading.
INFO 2024-12-15 17:19:30,725 autoreload 35700 23884 Watching for file changes with StatReloader
INFO 2024-12-15 17:19:30,725 autoreload 35700 23884 Watching for file changes with StatReloader
INFO 2024-12-15 17:19:55,776 autoreload 18068 34520 Watching for file changes with StatReloader
INFO 2024-12-15 17:19:55,776 autoreload 18068 34520 Watching for file changes with StatReloader
INFO 2024-12-15 17:20:23,219 autoreload 3408 23892 Watching for file changes with StatReloader
INFO 2024-12-15 17:20:23,219 autoreload 3408 23892 Watching for file changes with StatReloader
INFO 2024-12-15 17:21:19,303 autoreload 34972 28088 Watching for file changes with StatReloader
INFO 2024-12-15 17:21:19,303 autoreload 34972 28088 Watching for file changes with StatReloader
INFO 2024-12-15 17:23:00,437 autoreload 36708 16516 Watching for file changes with StatReloader
INFO 2024-12-15 17:23:00,437 autoreload 36708 16516 Watching for file changes with StatReloader
INFO 2024-12-15 17:23:30,886 autoreload 6696 12888 Watching for file changes with StatReloader
INFO 2024-12-15 17:23:30,886 autoreload 6696 12888 Watching for file changes with StatReloader
INFO 2024-12-15 17:23:33,321 basehttp 6696 15828 "GET / HTTP/1.1" 200 12618
INFO 2024-12-15 17:23:33,321 basehttp 6696 15828 "GET / HTTP/1.1" 200 12618
INFO 2024-12-15 17:23:34,729 basehttp 6696 15828 "GET /spots/ HTTP/1.1" 200 7647
INFO 2024-12-15 17:23:34,729 basehttp 6696 15828 "GET /spots/ HTTP/1.1" 200 7647
INFO 2024-12-15 17:23:34,742 basehttp 6696 15828 "GET /media/spot_images/card-games_4293905.png HTTP/1.1" 304 0
INFO 2024-12-15 17:23:34,742 basehttp 6696 15828 "GET /media/spot_images/card-games_4293905.png HTTP/1.1" 304 0
INFO 2024-12-15 17:23:35,670 forms 6696 15828 Form initialization - args: (), kwargs: {'initial': {}, 'prefix': None, 'instance': None}
INFO 2024-12-15 17:23:35,670 forms 6696 15828 Form initialization - args: (), kwargs: {'initial': {}, 'prefix': None, 'instance': None}
INFO 2024-12-15 17:23:35,671 forms 6696 15828 Form initial data: {}
INFO 2024-12-15 17:23:35,671 forms 6696 15828 Form initial data: {}
INFO 2024-12-15 17:23:35,671 forms 6696 15828 Form data: <MultiValueDict: {}>
INFO 2024-12-15 17:23:35,671 forms 6696 15828 Form data: <MultiValueDict: {}>
INFO 2024-12-15 17:23:35,671 forms 6696 15828 Form files: <MultiValueDict: {}>
INFO 2024-12-15 17:23:35,671 forms 6696 15828 Form files: <MultiValueDict: {}>
INFO 2024-12-15 17:23:35,682 basehttp 6696 15828 "GET /spots/create/ HTTP/1.1" 200 9403
INFO 2024-12-15 17:23:35,682 basehttp 6696 15828 "GET /spots/create/ HTTP/1.1" 200 9403
INFO 2024-12-15 17:23:42,877 forms 6696 15828 Form initialization - args: (), kwargs: {'initial': {}, 'prefix': None, 'data': <QueryDict: {'csrfmiddlewaretoken': ['Msb4KmsKN1nbnO2Ukw666NOTqYi53XmhLj2J07p7cH2irjKw9qbY3r1ctTncn2hm'], 'title': ['123'], 'description': ['123'], 'address': ['제주특별자치도 서귀포시 색달동 2812-4 예래동 호텔롯데제주'], 'category': ['1']}>, 'files': <MultiValueDict: {'images': [<InMemoryUploadedFile: card-games_4293905.png (image/png)>]}>, 'instance': None}
INFO 2024-12-15 17:23:42,877 forms 6696 15828 Form initialization - args: (), kwargs: {'initial': {}, 'prefix': None, 'data': <QueryDict: {'csrfmiddlewaretoken': ['Msb4KmsKN1nbnO2Ukw666NOTqYi53XmhLj2J07p7cH2irjKw9qbY3r1ctTncn2hm'], 'title': ['123'], 'description': ['123'], 'address': ['제주특별자치도 서귀포시 색달동 2812-4 예래동 호텔롯데제주'], 'category': ['1']}>, 'files': <MultiValueDict: {'images': [<InMemoryUploadedFile: card-games_4293905.png (image/png)>]}>, 'instance': None}
INFO 2024-12-15 17:23:42,877 forms 6696 15828 Form initial data: {}
INFO 2024-12-15 17:23:42,877 forms 6696 15828 Form initial data: {}
INFO 2024-12-15 17:23:42,877 forms 6696 15828 Form data: <QueryDict: {'csrfmiddlewaretoken': ['Msb4KmsKN1nbnO2Ukw666NOTqYi53XmhLj2J07p7cH2irjKw9qbY3r1ctTncn2hm'], 'title': ['123'], 'description': ['123'], 'address': ['제주특별자치도 서귀포시 색달동 2812-4 예래동 호텔롯데제주'], 'category': ['1']}>
INFO 2024-12-15 17:23:42,877 forms 6696 15828 Form data: <QueryDict: {'csrfmiddlewaretoken': ['Msb4KmsKN1nbnO2Ukw666NOTqYi53XmhLj2J07p7cH2irjKw9qbY3r1ctTncn2hm'], 'title': ['123'], 'description': ['123'], 'address': ['제주특별자치도 서귀포시 색달동 2812-4 예래동 호텔롯데제주'], 'category': ['1']}>
INFO 2024-12-15 17:23:42,877 forms 6696 15828 Form files: <MultiValueDict: {'images': [<InMemoryUploadedFile: card-games_4293905.png (image/png)>]}>
INFO 2024-12-15 17:23:42,877 forms 6696 15828 Form files: <MultiValueDict: {'images': [<InMemoryUploadedFile: card-games_4293905.png (image/png)>]}>
INFO 2024-12-15 17:23:42,878 forms 6696 15828 Form data before clean: <QueryDict: {'csrfmiddlewaretoken': ['Msb4KmsKN1nbnO2Ukw666NOTqYi53XmhLj2J07p7cH2irjKw9qbY3r1ctTncn2hm'], 'title': ['123'], 'description': ['123'], 'address': ['제주특별자치도 서귀포시 색달동 2812-4 예래동 호텔롯데제주'], 'category': ['1']}>
INFO 2024-12-15 17:23:42,878 forms 6696 15828 Form data before clean: <QueryDict: {'csrfmiddlewaretoken': ['Msb4KmsKN1nbnO2Ukw666NOTqYi53XmhLj2J07p7cH2irjKw9qbY3r1ctTncn2hm'], 'title': ['123'], 'description': ['123'], 'address': ['제주특별자치도 서귀포시 색달동 2812-4 예래동 호텔롯데제주'], 'category': ['1']}>
INFO 2024-12-15 17:23:42,878 forms 6696 15828 Form files before clean: <MultiValueDict: {'images': [<InMemoryUploadedFile: card-games_4293905.png (image/png)>]}>
INFO 2024-12-15 17:23:42,878 forms 6696 15828 Form files before clean: <MultiValueDict: {'images': [<InMemoryUploadedFile: card-games_4293905.png (image/png)>]}>
INFO 2024-12-15 17:23:42,878 forms 6696 15828 Uploaded images in clean method: [<InMemoryUploadedFile: card-games_4293905.png (image/png)>]
INFO 2024-12-15 17:23:42,878 forms 6696 15828 Uploaded images in clean method: [<InMemoryUploadedFile: card-games_4293905.png (image/png)>]
INFO 2024-12-15 17:23:42,878 forms 6696 15828 Number of uploaded images: 1
INFO 2024-12-15 17:23:42,878 forms 6696 15828 Number of uploaded images: 1
ERROR 2024-12-15 17:23:42,879 views 6696 15828 Form validation failed: <ul class="errorlist"><li>images<ul class="errorlist"><li>No file was submitted. Check the encoding type on the form.</li></ul></li></ul>
ERROR 2024-12-15 17:23:42,879 views 6696 15828 Form validation failed: <ul class="errorlist"><li>images<ul class="errorlist"><li>No file was submitted. Check the encoding type on the form.</li></ul></li></ul>
ERROR 2024-12-15 17:23:42,879 views 6696 15828 Form data: <QueryDict: {'csrfmiddlewaretoken': ['Msb4KmsKN1nbnO2Ukw666NOTqYi53XmhLj2J07p7cH2irjKw9qbY3r1ctTncn2hm'], 'title': ['123'], 'description': ['123'], 'address': ['제주특별자치도 서귀포시 색달동 2812-4 예래동 호텔롯데제주'], 'category': ['1']}>
ERROR 2024-12-15 17:23:42,879 views 6696 15828 Form data: <QueryDict: {'csrfmiddlewaretoken': ['Msb4KmsKN1nbnO2Ukw666NOTqYi53XmhLj2J07p7cH2irjKw9qbY3r1ctTncn2hm'], 'title': ['123'], 'description': ['123'], 'address': ['제주특별자치도 서귀포시 색달동 2812-4 예래동 호텔롯데제주'], 'category': ['1']}>
ERROR 2024-12-15 17:23:42,879 views 6696 15828 Form files: <MultiValueDict: {'images': [<InMemoryUploadedFile: card-games_4293905.png (image/png)>]}>
ERROR 2024-12-15 17:23:42,879 views 6696 15828 Form files: <MultiValueDict: {'images': [<InMemoryUploadedFile: card-games_4293905.png (image/png)>]}>
INFO 2024-12-15 17:23:42,883 basehttp 6696 15828 "POST /spots/create/ HTTP/1.1" 200 10238
INFO 2024-12-15 17:23:42,883 basehttp 6696 15828 "POST /spots/create/ HTTP/1.1" 200 10238
INFO 2024-12-15 17:27:26,813 autoreload 6696 12888 C:\Users\COMPUTER_28\ex\webapp_project\jeju_local_spots\spots\forms.py changed, reloading.
INFO 2024-12-15 17:27:26,813 autoreload 6696 12888 C:\Users\COMPUTER_28\ex\webapp_project\jeju_local_spots\spots\forms.py changed, reloading.
INFO 2024-12-15 17:27:59,631 autoreload 25184 21252 Watching for file changes with StatReloader
INFO 2024-12-15 17:27:59,631 autoreload 25184 21252 Watching for file changes with StatReloader
INFO 2024-12-15 17:28:01,188 basehttp 25184 11792 "GET /spots/ HTTP/1.1" 200 7647
INFO 2024-12-15 17:28:01,188 basehttp 25184 11792 "GET /spots/ HTTP/1.1" 200 7647
INFO 2024-12-15 17:28:02,439 forms 25184 11792 Form initialization - args: (), kwargs: {'initial': {}, 'prefix': None, 'instance': None}
INFO 2024-12-15 17:28:02,439 forms 25184 11792 Form initialization - args: (), kwargs: {'initial': {}, 'prefix': None, 'instance': None}
INFO 2024-12-15 17:28:02,440 forms 25184 11792 Form initial data: {}
INFO 2024-12-15 17:28:02,440 forms 25184 11792 Form initial data: {}
INFO 2024-12-15 17:28:02,440 forms 25184 11792 Form data: <MultiValueDict: {}>
INFO 2024-12-15 17:28:02,440 forms 25184 11792 Form data: <MultiValueDict: {}>
INFO 2024-12-15 17:28:02,440 forms 25184 11792 Form files: <MultiValueDict: {}>
INFO 2024-12-15 17:28:02,440 forms 25184 11792 Form files: <MultiValueDict: {}>
INFO 2024-12-15 17:28:02,450 basehttp 25184 11792 "GET /spots/create/ HTTP/1.1" 200 9463
INFO 2024-12-15 17:28:02,450 basehttp 25184 11792 "GET /spots/create/ HTTP/1.1" 200 9463
INFO 2024-12-15 17:28:16,110 forms 25184 11792 Form initialization - args: (), kwargs: {'initial': {}, 'prefix': None, 'data': <QueryDict: {'csrfmiddlewaretoken': ['eZqzKhy3z17OsBCLxi1Yph4javBhPgyYdQhe02vqYHMVw6knmc6QmVhCdqGo9lt3'], 'title': ['히히 맛집이당'], 'description': ['맛집~~~'], 'address': ['제주특별자치도 서귀포시 색달동 2812-4 예래동 호텔롯데제주'], 'category': ['1']}>, 'files': <MultiValueDict: {'images': [<InMemoryUploadedFile: back-image.jpg (image/jpeg)>]}>, 'instance': None}
INFO 2024-12-15 17:28:16,110 forms 25184 11792 Form initialization - args: (), kwargs: {'initial': {}, 'prefix': None, 'data': <QueryDict: {'csrfmiddlewaretoken': ['eZqzKhy3z17OsBCLxi1Yph4javBhPgyYdQhe02vqYHMVw6knmc6QmVhCdqGo9lt3'], 'title': ['히히 맛집이당'], 'description': ['맛집~~~'], 'address': ['제주특별자치도 서귀포시 색달동 2812-4 예래동 호텔롯데제주'], 'category': ['1']}>, 'files': <MultiValueDict: {'images': [<InMemoryUploadedFile: back-image.jpg (image/jpeg)>]}>, 'instance': None}
INFO 2024-12-15 17:28:16,110 forms 25184 11792 Form initial data: {}
INFO 2024-12-15 17:28:16,110 forms 25184 11792 Form initial data: {}
INFO 2024-12-15 17:28:16,110 forms 25184 11792 Form data: <QueryDict: {'csrfmiddlewaretoken': ['eZqzKhy3z17OsBCLxi1Yph4javBhPgyYdQhe02vqYHMVw6knmc6QmVhCdqGo9lt3'], 'title': ['히히 맛집이당'], 'description': ['맛집~~~'], 'address': ['제주특별자치도 서귀포시 색달동 2812-4 예래동 호텔롯데제주'], 'category': ['1']}>
INFO 2024-12-15 17:28:16,110 forms 25184 11792 Form data: <QueryDict: {'csrfmiddlewaretoken': ['eZqzKhy3z17OsBCLxi1Yph4javBhPgyYdQhe02vqYHMVw6knmc6QmVhCdqGo9lt3'], 'title': ['히히 맛집이당'], 'description': ['맛집~~~'], 'address': ['제주특별자치도 서귀포시 색달동 2812-4 예래동 호텔롯데제주'], 'category': ['1']}>
INFO 2024-12-15 17:28:16,110 forms 25184 11792 Form files: <MultiValueDict: {'images': [<InMemoryUploadedFile: back-image.jpg (image/jpeg)>]}>
INFO 2024-12-15 17:28:16,110 forms 25184 11792 Form files: <MultiValueDict: {'images': [<InMemoryUploadedFile: back-image.jpg (image/jpeg)>]}>
INFO 2024-12-15 17:28:16,112 forms 25184 11792 Form data before clean: <QueryDict: {'csrfmiddlewaretoken': ['eZqzKhy3z17OsBCLxi1Yph4javBhPgyYdQhe02vqYHMVw6knmc6QmVhCdqGo9lt3'], 'title': ['히히 맛집이당'], 'description': ['맛집~~~'], 'address': ['제주특별자치도 서귀포시 색달동 2812-4 예래동 호텔롯데제주'], 'category': ['1']}>
INFO 2024-12-15 17:28:16,112 forms 25184 11792 Form data before clean: <QueryDict: {'csrfmiddlewaretoken': ['eZqzKhy3z17OsBCLxi1Yph4javBhPgyYdQhe02vqYHMVw6knmc6QmVhCdqGo9lt3'], 'title': ['히히 맛집이당'], 'description': ['맛집~~~'], 'address': ['제주특별자치도 서귀포시 색달동 2812-4 예래동 호텔롯데제주'], 'category': ['1']}>
INFO 2024-12-15 17:28:16,112 forms 25184 11792 Form files before clean: <MultiValueDict: {'images': [<InMemoryUploadedFile: back-image.jpg (image/jpeg)>]}>
INFO 2024-12-15 17:28:16,112 forms 25184 11792 Form files before clean: <MultiValueDict: {'images': [<InMemoryUploadedFile: back-image.jpg (image/jpeg)>]}>
INFO 2024-12-15 17:28:16,112 forms 25184 11792 Uploaded images in clean method: [<InMemoryUploadedFile: back-image.jpg (image/jpeg)>]
INFO 2024-12-15 17:28:16,112 forms 25184 11792 Uploaded images in clean method: [<InMemoryUploadedFile: back-image.jpg (image/jpeg)>]
INFO 2024-12-15 17:28:16,112 forms 25184 11792 Number of uploaded images: 1
INFO 2024-12-15 17:28:16,112 forms 25184 11792 Number of uploaded images: 1
ERROR 2024-12-15 17:28:16,113 views 25184 11792 Form validation failed: <ul class="errorlist"><li>images<ul class="errorlist"><li>No file was submitted. Check the encoding type on the form.</li></ul></li></ul>
ERROR 2024-12-15 17:28:16,113 views 25184 11792 Form validation failed: <ul class="errorlist"><li>images<ul class="errorlist"><li>No file was submitted. Check the encoding type on the form.</li></ul></li></ul>
ERROR 2024-12-15 17:28:16,113 views 25184 11792 Form data: <QueryDict: {'csrfmiddlewaretoken': ['eZqzKhy3z17OsBCLxi1Yph4javBhPgyYdQhe02vqYHMVw6knmc6QmVhCdqGo9lt3'], 'title': ['히히 맛집이당'], 'description': ['맛집~~~'], 'address': ['제주특별자치도 서귀포시 색달동 2812-4 예래동 호텔롯데제주'], 'category': ['1']}>
ERROR 2024-12-15 17:28:16,113 views 25184 11792 Form data: <QueryDict: {'csrfmiddlewaretoken': ['eZqzKhy3z17OsBCLxi1Yph4javBhPgyYdQhe02vqYHMVw6knmc6QmVhCdqGo9lt3'], 'title': ['히히 맛집이당'], 'description': ['맛집~~~'], 'address': ['제주특별자치도 서귀포시 색달동 2812-4 예래동 호텔롯데제주'], 'category': ['1']}>
ERROR 2024-12-15 17:28:16,113 views 25184 11792 Form files: <MultiValueDict: {'images': [<InMemoryUploadedFile: back-image.jpg (image/jpeg)>]}>
ERROR 2024-12-15 17:28:16,113 views 25184 11792 Form files: <MultiValueDict: {'images': [<InMemoryUploadedFile: back-image.jpg (image/jpeg)>]}>
INFO 2024-12-15 17:28:16,118 basehttp 25184 11792 "POST /spots/create/ HTTP/1.1" 200 10320
INFO 2024-12-15 17:28:16,118 basehttp 25184 11792 "POST /spots/create/ HTTP/1.1" 200 10320
INFO 2024-12-15 17:30:19,814 autoreload 25184 21252 C:\Users\COMPUTER_28\ex\webapp_project\jeju_local_spots\spots\views.py changed, reloading.
INFO 2024-12-15 17:30:19,814 autoreload 25184 21252 C:\Users\COMPUTER_28\ex\webapp_project\jeju_local_spots\spots\views.py changed, reloading.
INFO 2024-12-15 17:30:36,688 autoreload 19900 32792 Watching for file changes with StatReloader
INFO 2024-12-15 17:30:36,688 autoreload 19900 32792 Watching for file changes with StatReloader
INFO 2024-12-15 17:30:46,349 forms 19900 25120 Form initialization - args: (), kwargs: {'initial': {}, 'prefix': None, 'data': <QueryDict: {'csrfmiddlewaretoken': ['9NdEKMQiVatNNudwxvgRFcJUPgXOR92r8E4j0xNFkQ8URZV8mplJCQWdSb2VbeXw'], 'title': ['히히 맛집이당'], 'description': ['맛집~~~'], 'address': ['제주특별자치도 서귀포시 색달동 2812-4 예래동 호텔롯데제주'], 'category': ['1']}>, 'files': <MultiValueDict: {'images': [<InMemoryUploadedFile: card-games_4293905.png (image/png)>]}>, 'instance': None}
INFO 2024-12-15 17:30:46,349 forms 19900 25120 Form initialization - args: (), kwargs: {'initial': {}, 'prefix': None, 'data': <QueryDict: {'csrfmiddlewaretoken': ['9NdEKMQiVatNNudwxvgRFcJUPgXOR92r8E4j0xNFkQ8URZV8mplJCQWdSb2VbeXw'], 'title': ['히히 맛집이당'], 'description': ['맛집~~~'], 'address': ['제주특별자치도 서귀포시 색달동 2812-4 예래동 호텔롯데제주'], 'category': ['1']}>, 'files': <MultiValueDict: {'images': [<InMemoryUploadedFile: card-games_4293905.png (image/png)>]}>, 'instance': None}
INFO 2024-12-15 17:30:46,349 forms 19900 25120 Form initial data: {}
INFO 2024-12-15 17:30:46,349 forms 19900 25120 Form initial data: {}
INFO 2024-12-15 17:30:46,349 forms 19900 25120 Form data: <QueryDict: {'csrfmiddlewaretoken': ['9NdEKMQiVatNNudwxvgRFcJUPgXOR92r8E4j0xNFkQ8URZV8mplJCQWdSb2VbeXw'], 'title': ['히히 맛집이당'], 'description': ['맛집~~~'], 'address': ['제주특별자치도 서귀포시 색달동 2812-4 예래동 호텔롯데제주'], 'category': ['1']}>
INFO 2024-12-15 17:30:46,349 forms 19900 25120 Form data: <QueryDict: {'csrfmiddlewaretoken': ['9NdEKMQiVatNNudwxvgRFcJUPgXOR92r8E4j0xNFkQ8URZV8mplJCQWdSb2VbeXw'], 'title': ['히히 맛집이당'], 'description': ['맛집~~~'], 'address': ['제주특별자치도 서귀포시 색달동 2812-4 예래동 호텔롯데제주'], 'category': ['1']}>
INFO 2024-12-15 17:30:46,349 forms 19900 25120 Form files: <MultiValueDict: {'images': [<InMemoryUploadedFile: card-games_4293905.png (image/png)>]}>
INFO 2024-12-15 17:30:46,349 forms 19900 25120 Form files: <MultiValueDict: {'images': [<InMemoryUploadedFile: card-games_4293905.png (image/png)>]}>
INFO 2024-12-15 17:30:46,350 forms 19900 25120 Form data before clean: <QueryDict: {'csrfmiddlewaretoken': ['9NdEKMQiVatNNudwxvgRFcJUPgXOR92r8E4j0xNFkQ8URZV8mplJCQWdSb2VbeXw'], 'title': ['히히 맛집이당'], 'description': ['맛집~~~'], 'address': ['제주특별자치도 서귀포시 색달동 2812-4 예래동 호텔롯데제주'], 'category': ['1']}>
INFO 2024-12-15 17:30:46,350 forms 19900 25120 Form data before clean: <QueryDict: {'csrfmiddlewaretoken': ['9NdEKMQiVatNNudwxvgRFcJUPgXOR92r8E4j0xNFkQ8URZV8mplJCQWdSb2VbeXw'], 'title': ['히히 맛집이당'], 'description': ['맛집~~~'], 'address': ['제주특별자치도 서귀포시 색달동 2812-4 예래동 호텔롯데제주'], 'category': ['1']}>
INFO 2024-12-15 17:30:46,350 forms 19900 25120 Form files before clean: <MultiValueDict: {'images': [<InMemoryUploadedFile: card-games_4293905.png (image/png)>]}>
INFO 2024-12-15 17:30:46,350 forms 19900 25120 Form files before clean: <MultiValueDict: {'images': [<InMemoryUploadedFile: card-games_4293905.png (image/png)>]}>
INFO 2024-12-15 17:30:46,350 forms 19900 25120 Uploaded images in clean method: [<InMemoryUploadedFile: card-games_4293905.png (image/png)>]
INFO 2024-12-15 17:30:46,350 forms 19900 25120 Uploaded images in clean method: [<InMemoryUploadedFile: card-games_4293905.png (image/png)>]
INFO 2024-12-15 17:30:46,350 forms 19900 25120 Number of uploaded images: 1
INFO 2024-12-15 17:30:46,350 forms 19900 25120 Number of uploaded images: 1
ERROR 2024-12-15 17:30:46,353 views 19900 25120 Form validation failed: <ul class="errorlist"><li>images<ul class="errorlist"><li>No file was submitted. Check the encoding type on the form.</li></ul></li></ul>
ERROR 2024-12-15 17:30:46,353 views 19900 25120 Form validation failed: <ul class="errorlist"><li>images<ul class="errorlist"><li>No file was submitted. Check the encoding type on the form.</li></ul></li></ul>
ERROR 2024-12-15 17:30:46,353 views 19900 25120 Form data: <QueryDict: {'csrfmiddlewaretoken': ['9NdEKMQiVatNNudwxvgRFcJUPgXOR92r8E4j0xNFkQ8URZV8mplJCQWdSb2VbeXw'], 'title': ['히히 맛집이당'], 'description': ['맛집~~~'], 'address': ['제주특별자치도 서귀포시 색달동 2812-4 예래동 호텔롯데제주'], 'category': ['1']}>
ERROR 2024-12-15 17:30:46,353 views 19900 25120 Form data: <QueryDict: {'csrfmiddlewaretoken': ['9NdEKMQiVatNNudwxvgRFcJUPgXOR92r8E4j0xNFkQ8URZV8mplJCQWdSb2VbeXw'], 'title': ['히히 맛집이당'], 'description': ['맛집~~~'], 'address': ['제주특별자치도 서귀포시 색달동 2812-4 예래동 호텔롯데제주'], 'category': ['1']}>
ERROR 2024-12-15 17:30:46,353 views 19900 25120 Form files: <MultiValueDict: {'images': [<InMemoryUploadedFile: card-games_4293905.png (image/png)>]}>
ERROR 2024-12-15 17:30:46,353 views 19900 25120 Form files: <MultiValueDict: {'images': [<InMemoryUploadedFile: card-games_4293905.png (image/png)>]}>
INFO 2024-12-15 17:30:46,369 basehttp 19900 25120 "POST /spots/create/ HTTP/1.1" 200 10289
INFO 2024-12-15 17:30:46,369 basehttp 19900 25120 "POST /spots/create/ HTTP/1.1" 200 10289
INFO 2024-12-15 17:30:48,425 basehttp 19900 25120 "GET /spots/ HTTP/1.1" 200 7647
INFO 2024-12-15 17:30:48,425 basehttp 19900 25120 "GET /spots/ HTTP/1.1" 200 7647
INFO 2024-12-15 17:30:48,439 basehttp 19900 25120 "GET /media/spot_images/card-games_4293905.png HTTP/1.1" 304 0
INFO 2024-12-15 17:30:48,439 basehttp 19900 25120 "GET /media/spot_images/card-games_4293905.png HTTP/1.1" 304 0
INFO 2024-12-15 17:30:50,807 forms 19900 25120 Form initialization - args: (), kwargs: {'initial': {}, 'prefix': None, 'instance': None}
INFO 2024-12-15 17:30:50,807 forms 19900 25120 Form initialization - args: (), kwargs: {'initial': {}, 'prefix': None, 'instance': None}
INFO 2024-12-15 17:30:50,808 forms 19900 25120 Form initial data: {}
INFO 2024-12-15 17:30:50,808 forms 19900 25120 Form initial data: {}
INFO 2024-12-15 17:30:50,808 forms 19900 25120 Form data: <MultiValueDict: {}>
INFO 2024-12-15 17:30:50,808 forms 19900 25120 Form data: <MultiValueDict: {}>
INFO 2024-12-15 17:30:50,808 forms 19900 25120 Form files: <MultiValueDict: {}>
INFO 2024-12-15 17:30:50,808 forms 19900 25120 Form files: <MultiValueDict: {}>
INFO 2024-12-15 17:30:50,810 basehttp 19900 25120 "GET /spots/create/ HTTP/1.1" 200 9432
INFO 2024-12-15 17:30:50,810 basehttp 19900 25120 "GET /spots/create/ HTTP/1.1" 200 9432
INFO 2024-12-15 17:31:00,709 forms 19900 25120 Form initialization - args: (), kwargs: {'initial': {}, 'prefix': None, 'data': <QueryDict: {'csrfmiddlewaretoken': ['EEJE4LDRTNVXtjxEbSap3gyP3lxfovuiDvAjkwAeitA4xOfg0Mfh0UL86gCmIApn'], 'title': ['123'], 'description': ['123'], 'address': ['제주특별자치도 서귀포시 색달동 2812-4 예래동 호텔롯데제주'], 'category': ['1']}>, 'files': <MultiValueDict: {'images': [<InMemoryUploadedFile: casino_15398165.png (image/png)>]}>, 'instance': None}
INFO 2024-12-15 17:31:00,709 forms 19900 25120 Form initialization - args: (), kwargs: {'initial': {}, 'prefix': None, 'data': <QueryDict: {'csrfmiddlewaretoken': ['EEJE4LDRTNVXtjxEbSap3gyP3lxfovuiDvAjkwAeitA4xOfg0Mfh0UL86gCmIApn'], 'title': ['123'], 'description': ['123'], 'address': ['제주특별자치도 서귀포시 색달동 2812-4 예래동 호텔롯데제주'], 'category': ['1']}>, 'files': <MultiValueDict: {'images': [<InMemoryUploadedFile: casino_15398165.png (image/png)>]}>, 'instance': None}
INFO 2024-12-15 17:31:00,710 forms 19900 25120 Form initial data: {}
INFO 2024-12-15 17:31:00,710 forms 19900 25120 Form initial data: {}
INFO 2024-12-15 17:31:00,710 forms 19900 25120 Form data: <QueryDict: {'csrfmiddlewaretoken': ['EEJE4LDRTNVXtjxEbSap3gyP3lxfovuiDvAjkwAeitA4xOfg0Mfh0UL86gCmIApn'], 'title': ['123'], 'description': ['123'], 'address': ['제주특별자치도 서귀포시 색달동 2812-4 예래동 호텔롯데제주'], 'category': ['1']}>
INFO 2024-12-15 17:31:00,710 forms 19900 25120 Form data: <QueryDict: {'csrfmiddlewaretoken': ['EEJE4LDRTNVXtjxEbSap3gyP3lxfovuiDvAjkwAeitA4xOfg0Mfh0UL86gCmIApn'], 'title': ['123'], 'description': ['123'], 'address': ['제주특별자치도 서귀포시 색달동 2812-4 예래동 호텔롯데제주'], 'category': ['1']}>
INFO 2024-12-15 17:31:00,710 forms 19900 25120 Form files: <MultiValueDict: {'images': [<InMemoryUploadedFile: casino_15398165.png (image/png)>]}>
INFO 2024-12-15 17:31:00,710 forms 19900 25120 Form files: <MultiValueDict: {'images': [<InMemoryUploadedFile: casino_15398165.png (image/png)>]}>
INFO 2024-12-15 17:31:00,710 forms 19900 25120 Form data before clean: <QueryDict: {'csrfmiddlewaretoken': ['EEJE4LDRTNVXtjxEbSap3gyP3lxfovuiDvAjkwAeitA4xOfg0Mfh0UL86gCmIApn'], 'title': ['123'], 'description': ['123'], 'address': ['제주특별자치도 서귀포시 색달동 2812-4 예래동 호텔롯데제주'], 'category': ['1']}>
INFO 2024-12-15 17:31:00,710 forms 19900 25120 Form data before clean: <QueryDict: {'csrfmiddlewaretoken': ['EEJE4LDRTNVXtjxEbSap3gyP3lxfovuiDvAjkwAeitA4xOfg0Mfh0UL86gCmIApn'], 'title': ['123'], 'description': ['123'], 'address': ['제주특별자치도 서귀포시 색달동 2812-4 예래동 호텔롯데제주'], 'category': ['1']}>
INFO 2024-12-15 17:31:00,710 forms 19900 25120 Form files before clean: <MultiValueDict: {'images': [<InMemoryUploadedFile: casino_15398165.png (image/png)>]}>
INFO 2024-12-15 17:31:00,710 forms 19900 25120 Form files before clean: <MultiValueDict: {'images': [<InMemoryUploadedFile: casino_15398165.png (image/png)>]}>
INFO 2024-12-15 17:31:00,710 forms 19900 25120 Uploaded images in clean method: [<InMemoryUploadedFile: casino_15398165.png (image/png)>]
INFO 2024-12-15 17:31:00,710 forms 19900 25120 Uploaded images in clean method: [<InMemoryUploadedFile: casino_15398165.png (image/png)>]
INFO 2024-12-15 17:31:00,710 forms 19900 25120 Number of uploaded images: 1
INFO 2024-12-15 17:31:00,710 forms 19900 25120 Number of uploaded images: 1
ERROR 2024-12-15 17:31:00,711 views 19900 25120 Form validation failed: <ul class="errorlist"><li>images<ul class="errorlist"><li>No file was submitted. Check the encoding type on the form.</li></ul></li></ul>
ERROR 2024-12-15 17:31:00,711 views 19900 25120 Form validation failed: <ul class="errorlist"><li>images<ul class="errorlist"><li>No file was submitted. Check the encoding type on the form.</li></ul></li></ul>
ERROR 2024-12-15 17:31:00,711 views 19900 25120 Form data: <QueryDict: {'csrfmiddlewaretoken': ['EEJE4LDRTNVXtjxEbSap3gyP3lxfovuiDvAjkwAeitA4xOfg0Mfh0UL86gCmIApn'], 'title': ['123'], 'description': ['123'], 'address': ['제주특별자치도 서귀포시 색달동 2812-4 예래동 호텔롯데제주'], 'category': ['1']}>
ERROR 2024-12-15 17:31:00,711 views 19900 25120 Form data: <QueryDict: {'csrfmiddlewaretoken': ['EEJE4LDRTNVXtjxEbSap3gyP3lxfovuiDvAjkwAeitA4xOfg0Mfh0UL86gCmIApn'], 'title': ['123'], 'description': ['123'], 'address': ['제주특별자치도 서귀포시 색달동 2812-4 예래동 호텔롯데제주'], 'category': ['1']}>
ERROR 2024-12-15 17:31:00,711 views 19900 25120 Form files: <MultiValueDict: {'images': [<InMemoryUploadedFile: casino_15398165.png (image/png)>]}>
ERROR 2024-12-15 17:31:00,711 views 19900 25120 Form files: <MultiValueDict: {'images': [<InMemoryUploadedFile: casino_15398165.png (image/png)>]}>
INFO 2024-12-15 17:31:00,714 basehttp 19900 25120 "POST /spots/create/ HTTP/1.1" 200 10267
INFO 2024-12-15 17:31:00,714 basehttp 19900 25120 "POST /spots/create/ HTTP/1.1" 200 10267
INFO 2024-12-15 17:31:07,233 forms 19900 25120 Form initialization - args: (), kwargs: {'initial': {}, 'prefix': None, 'data': <QueryDict: {'csrfmiddlewaretoken': ['0pzeLYsc8nweK4Sy5tI5kW1Nq0YIKyIsZgqT1Jpzx3blOzAaUnNXhAe6tV3P4DDx'], 'title': ['123'], 'description': ['123'], 'address': ['제주특별자치도 서귀포시 색달동 2812-4 예래동 호텔롯데제주'], 'category': ['1']}>, 'files': <MultiValueDict: {'images': [<InMemoryUploadedFile: NSC20160109_205428-1.jpg (image/jpeg)>]}>, 'instance': None}
INFO 2024-12-15 17:31:07,233 forms 19900 25120 Form initialization - args: (), kwargs: {'initial': {}, 'prefix': None, 'data': <QueryDict: {'csrfmiddlewaretoken': ['0pzeLYsc8nweK4Sy5tI5kW1Nq0YIKyIsZgqT1Jpzx3blOzAaUnNXhAe6tV3P4DDx'], 'title': ['123'], 'description': ['123'], 'address': ['제주특별자치도 서귀포시 색달동 2812-4 예래동 호텔롯데제주'], 'category': ['1']}>, 'files': <MultiValueDict: {'images': [<InMemoryUploadedFile: NSC20160109_205428-1.jpg (image/jpeg)>]}>, 'instance': None}
INFO 2024-12-15 17:31:07,233 forms 19900 25120 Form initial data: {}
INFO 2024-12-15 17:31:07,233 forms 19900 25120 Form initial data: {}
INFO 2024-12-15 17:31:07,233 forms 19900 25120 Form data: <QueryDict: {'csrfmiddlewaretoken': ['0pzeLYsc8nweK4Sy5tI5kW1Nq0YIKyIsZgqT1Jpzx3blOzAaUnNXhAe6tV3P4DDx'], 'title': ['123'], 'description': ['123'], 'address': ['제주특별자치도 서귀포시 색달동 2812-4 예래동 호텔롯데제주'], 'category': ['1']}>
INFO 2024-12-15 17:31:07,233 forms 19900 25120 Form data: <QueryDict: {'csrfmiddlewaretoken': ['0pzeLYsc8nweK4Sy5tI5kW1Nq0YIKyIsZgqT1Jpzx3blOzAaUnNXhAe6tV3P4DDx'], 'title': ['123'], 'description': ['123'], 'address': ['제주특별자치도 서귀포시 색달동 2812-4 예래동 호텔롯데제주'], 'category': ['1']}>
INFO 2024-12-15 17:31:07,233 forms 19900 25120 Form files: <MultiValueDict: {'images': [<InMemoryUploadedFile: NSC20160109_205428-1.jpg (image/jpeg)>]}>
INFO 2024-12-15 17:31:07,233 forms 19900 25120 Form files: <MultiValueDict: {'images': [<InMemoryUploadedFile: NSC20160109_205428-1.jpg (image/jpeg)>]}>
INFO 2024-12-15 17:31:07,233 forms 19900 25120 Form data before clean: <QueryDict: {'csrfmiddlewaretoken': ['0pzeLYsc8nweK4Sy5tI5kW1Nq0YIKyIsZgqT1Jpzx3blOzAaUnNXhAe6tV3P4DDx'], 'title': ['123'], 'description': ['123'], 'address': ['제주특별자치도 서귀포시 색달동 2812-4 예래동 호텔롯데제주'], 'category': ['1']}>
INFO 2024-12-15 17:31:07,233 forms 19900 25120 Form data before clean: <QueryDict: {'csrfmiddlewaretoken': ['0pzeLYsc8nweK4Sy5tI5kW1Nq0YIKyIsZgqT1Jpzx3blOzAaUnNXhAe6tV3P4DDx'], 'title': ['123'], 'description': ['123'], 'address': ['제주특별자치도 서귀포시 색달동 2812-4 예래동 호텔롯데제주'], 'category': ['1']}>
INFO 2024-12-15 17:31:07,233 forms 19900 25120 Form files before clean: <MultiValueDict: {'images': [<InMemoryUploadedFile: NSC20160109_205428-1.jpg (image/jpeg)>]}>
INFO 2024-12-15 17:31:07,233 forms 19900 25120 Form files before clean: <MultiValueDict: {'images': [<InMemoryUploadedFile: NSC20160109_205428-1.jpg (image/jpeg)>]}>
INFO 2024-12-15 17:31:07,234 forms 19900 25120 Uploaded images in clean method: [<InMemoryUploadedFile: NSC20160109_205428-1.jpg (image/jpeg)>]
INFO 2024-12-15 17:31:07,234 forms 19900 25120 Uploaded images in clean method: [<InMemoryUploadedFile: NSC20160109_205428-1.jpg (image/jpeg)>]
INFO 2024-12-15 17:31:07,234 forms 19900 25120 Number of uploaded images: 1
INFO 2024-12-15 17:31:07,234 forms 19900 25120 Number of uploaded images: 1
ERROR 2024-12-15 17:31:07,234 views 19900 25120 Form validation failed: <ul class="errorlist"><li>images<ul class="errorlist"><li>No file was submitted. Check the encoding type on the form.</li></ul></li></ul>
ERROR 2024-12-15 17:31:07,234 views 19900 25120 Form validation failed: <ul class="errorlist"><li>images<ul class="errorlist"><li>No file was submitted. Check the encoding type on the form.</li></ul></li></ul>
ERROR 2024-12-15 17:31:07,234 views 19900 25120 Form data: <QueryDict: {'csrfmiddlewaretoken': ['0pzeLYsc8nweK4Sy5tI5kW1Nq0YIKyIsZgqT1Jpzx3blOzAaUnNXhAe6tV3P4DDx'], 'title': ['123'], 'description': ['123'], 'address': ['제주특별자치도 서귀포시 색달동 2812-4 예래동 호텔롯데제주'], 'category': ['1']}>
ERROR 2024-12-15 17:31:07,234 views 19900 25120 Form data: <QueryDict: {'csrfmiddlewaretoken': ['0pzeLYsc8nweK4Sy5tI5kW1Nq0YIKyIsZgqT1Jpzx3blOzAaUnNXhAe6tV3P4DDx'], 'title': ['123'], 'description': ['123'], 'address': ['제주특별자치도 서귀포시 색달동 2812-4 예래동 호텔롯데제주'], 'category': ['1']}>
ERROR 2024-12-15 17:31:07,234 views 19900 25120 Form files: <MultiValueDict: {'images': [<InMemoryUploadedFile: NSC20160109_205428-1.jpg (image/jpeg)>]}>
ERROR 2024-12-15 17:31:07,234 views 19900 25120 Form files: <MultiValueDict: {'images': [<InMemoryUploadedFile: NSC20160109_205428-1.jpg (image/jpeg)>]}>
INFO 2024-12-15 17:31:07,237 basehttp 19900 25120 "POST /spots/create/ HTTP/1.1" 200 10267
INFO 2024-12-15 17:31:07,237 basehttp 19900 25120 "POST /spots/create/ HTTP/1.1" 200 10267
INFO 2024-12-15 17:31:50,736 autoreload 19900 32792 C:\Users\COMPUTER_28\ex\webapp_project\jeju_local_spots\spots\forms.py changed, reloading.
INFO 2024-12-15 17:31:50,736 autoreload 19900 32792 C:\Users\COMPUTER_28\ex\webapp_project\jeju_local_spots\spots\forms.py changed, reloading.
INFO 2024-12-15 17:33:46,759 autoreload 34612 20204 Watching for file changes with StatReloader
INFO 2024-12-15 17:33:46,759 autoreload 34612 20204 Watching for file changes with StatReloader
INFO 2024-12-15 17:34:00,715 autoreload 30864 34568 Watching for file changes with StatReloader
INFO 2024-12-15 17:34:00,715 autoreload 30864 34568 Watching for file changes with StatReloader
INFO 2024-12-15 17:34:08,818 basehttp 30864 10424 "GET / HTTP/1.1" 200 12618
INFO 2024-12-15 17:34:08,818 basehttp 30864 10424 "GET / HTTP/1.1" 200 12618
INFO 2024-12-15 17:34:08,837 basehttp 30864 35812 "GET /static/js/custom.js HTTP/1.1" 304 0
INFO 2024-12-15 17:34:08,837 basehttp 30864 35812 "GET /static/js/custom.js HTTP/1.1" 304 0
INFO 2024-12-15 17:34:08,837 basehttp 30864 10424 "GET /static/css/custom.css HTTP/1.1" 304 0
INFO 2024-12-15 17:34:08,837 basehttp 30864 10424 "GET /static/css/custom.css HTTP/1.1" 304 0
INFO 2024-12-15 17:34:11,397 basehttp 30864 10424 "GET /spots/ HTTP/1.1" 200 7647
INFO 2024-12-15 17:34:11,397 basehttp 30864 10424 "GET /spots/ HTTP/1.1" 200 7647
INFO 2024-12-15 17:34:12,344 forms 30864 10424 Form initialization - args: (), kwargs: {'initial': {}, 'prefix': None, 'instance': None}
INFO 2024-12-15 17:34:12,344 forms 30864 10424 Form initialization - args: (), kwargs: {'initial': {}, 'prefix': None, 'instance': None}
INFO 2024-12-15 17:34:12,345 forms 30864 10424 Form initial data: {}
INFO 2024-12-15 17:34:12,345 forms 30864 10424 Form initial data: {}
INFO 2024-12-15 17:34:12,345 forms 30864 10424 Form data: <MultiValueDict: {}>
INFO 2024-12-15 17:34:12,345 forms 30864 10424 Form data: <MultiValueDict: {}>
INFO 2024-12-15 17:34:12,345 forms 30864 10424 Form files: <MultiValueDict: {}>
INFO 2024-12-15 17:34:12,345 forms 30864 10424 Form files: <MultiValueDict: {}>
INFO 2024-12-15 17:34:12,355 basehttp 30864 10424 "GET /spots/create/ HTTP/1.1" 200 9432
INFO 2024-12-15 17:34:12,355 basehttp 30864 10424 "GET /spots/create/ HTTP/1.1" 200 9432
INFO 2024-12-15 17:34:23,216 forms 30864 10424 Form initialization - args: (), kwargs: {'initial': {}, 'prefix': None, 'data': <QueryDict: {'csrfmiddlewaretoken': ['zyp2qGcCUBc2uzbiwgr5CdF9n2Y77ViVypgHGr9ZjhR9y4TUlawXzRSsqX3er0d0'], 'title': ['장소'], 'description': ['123'], 'address': ['제주특별자치도 서귀포시 색달동 2812-4 예래동 호텔롯데제주'], 'category': ['1']}>, 'files': <MultiValueDict: {'images': [<InMemoryUploadedFile: NSC20160109_205428-1.jpg (image/jpeg)>]}>, 'instance': None}
INFO 2024-12-15 17:34:23,216 forms 30864 10424 Form initialization - args: (), kwargs: {'initial': {}, 'prefix': None, 'data': <QueryDict: {'csrfmiddlewaretoken': ['zyp2qGcCUBc2uzbiwgr5CdF9n2Y77ViVypgHGr9ZjhR9y4TUlawXzRSsqX3er0d0'], 'title': ['장소'], 'description': ['123'], 'address': ['제주특별자치도 서귀포시 색달동 2812-4 예래동 호텔롯데제주'], 'category': ['1']}>, 'files': <MultiValueDict: {'images': [<InMemoryUploadedFile: NSC20160109_205428-1.jpg (image/jpeg)>]}>, 'instance': None}
INFO 2024-12-15 17:34:23,216 forms 30864 10424 Form initial data: {}
INFO 2024-12-15 17:34:23,216 forms 30864 10424 Form initial data: {}
INFO 2024-12-15 17:34:23,216 forms 30864 10424 Form data: <QueryDict: {'csrfmiddlewaretoken': ['zyp2qGcCUBc2uzbiwgr5CdF9n2Y77ViVypgHGr9ZjhR9y4TUlawXzRSsqX3er0d0'], 'title': ['장소'], 'description': ['123'], 'address': ['제주특별자치도 서귀포시 색달동 2812-4 예래동 호텔롯데제주'], 'category': ['1']}>
INFO 2024-12-15 17:34:23,216 forms 30864 10424 Form data: <QueryDict: {'csrfmiddlewaretoken': ['zyp2qGcCUBc2uzbiwgr5CdF9n2Y77ViVypgHGr9ZjhR9y4TUlawXzRSsqX3er0d0'], 'title': ['장소'], 'description': ['123'], 'address': ['제주특별자치도 서귀포시 색달동 2812-4 예래동 호텔롯데제주'], 'category': ['1']}>
INFO 2024-12-15 17:34:23,216 forms 30864 10424 Form files: <MultiValueDict: {'images': [<InMemoryUploadedFile: NSC20160109_205428-1.jpg (image/jpeg)>]}>
INFO 2024-12-15 17:34:23,216 forms 30864 10424 Form files: <MultiValueDict: {'images': [<InMemoryUploadedFile: NSC20160109_205428-1.jpg (image/jpeg)>]}>
INFO 2024-12-15 17:34:23,216 forms 30864 10424 Form data before clean: <QueryDict: {'csrfmiddlewaretoken': ['zyp2qGcCUBc2uzbiwgr5CdF9n2Y77ViVypgHGr9ZjhR9y4TUlawXzRSsqX3er0d0'], 'title': ['장소'], 'description': ['123'], 'address': ['제주특별자치도 서귀포시 색달동 2812-4 예래동 호텔롯데제주'], 'category': ['1']}>
INFO 2024-12-15 17:34:23,216 forms 30864 10424 Form data before clean: <QueryDict: {'csrfmiddlewaretoken': ['zyp2qGcCUBc2uzbiwgr5CdF9n2Y77ViVypgHGr9ZjhR9y4TUlawXzRSsqX3er0d0'], 'title': ['장소'], 'description': ['123'], 'address': ['제주특별자치도 서귀포시 색달동 2812-4 예래동 호텔롯데제주'], 'category': ['1']}>
INFO 2024-12-15 17:34:23,216 forms 30864 10424 Form files before clean: <MultiValueDict: {'images': [<InMemoryUploadedFile: NSC20160109_205428-1.jpg (image/jpeg)>]}>
INFO 2024-12-15 17:34:23,216 forms 30864 10424 Form files before clean: <MultiValueDict: {'images': [<InMemoryUploadedFile: NSC20160109_205428-1.jpg (image/jpeg)>]}>
INFO 2024-12-15 17:34:23,216 forms 30864 10424 Found 1 images in request.FILES
INFO 2024-12-15 17:34:23,216 forms 30864 10424 Found 1 images in request.FILES
ERROR 2024-12-15 17:34:23,218 views 30864 10424 Form validation failed: <ul class="errorlist"><li>images<ul class="errorlist"><li>No file was submitted. Check the encoding type on the form.</li></ul></li></ul>
ERROR 2024-12-15 17:34:23,218 views 30864 10424 Form validation failed: <ul class="errorlist"><li>images<ul class="errorlist"><li>No file was submitted. Check the encoding type on the form.</li></ul></li></ul>
ERROR 2024-12-15 17:34:23,218 views 30864 10424 Form data: <QueryDict: {'csrfmiddlewaretoken': ['zyp2qGcCUBc2uzbiwgr5CdF9n2Y77ViVypgHGr9ZjhR9y4TUlawXzRSsqX3er0d0'], 'title': ['장소'], 'description': ['123'], 'address': ['제주특별자치도 서귀포시 색달동 2812-4 예래동 호텔롯데제주'], 'category': ['1']}>
ERROR 2024-12-15 17:34:23,218 views 30864 10424 Form data: <QueryDict: {'csrfmiddlewaretoken': ['zyp2qGcCUBc2uzbiwgr5CdF9n2Y77ViVypgHGr9ZjhR9y4TUlawXzRSsqX3er0d0'], 'title': ['장소'], 'description': ['123'], 'address': ['제주특별자치도 서귀포시 색달동 2812-4 예래동 호텔롯데제주'], 'category': ['1']}>
ERROR 2024-12-15 17:34:23,218 views 30864 10424 Form files: <MultiValueDict: {'images': [<InMemoryUploadedFile: NSC20160109_205428-1.jpg (image/jpeg)>]}>
ERROR 2024-12-15 17:34:23,218 views 30864 10424 Form files: <MultiValueDict: {'images': [<InMemoryUploadedFile: NSC20160109_205428-1.jpg (image/jpeg)>]}>
INFO 2024-12-15 17:34:23,220 basehttp 30864 10424 "POST /spots/create/ HTTP/1.1" 200 10270
INFO 2024-12-15 17:34:23,220 basehttp 30864 10424 "POST /spots/create/ HTTP/1.1" 200 10270
INFO 2024-12-15 17:35:18,215 autoreload 30864 34568 C:\Users\COMPUTER_28\ex\webapp_project\jeju_local_spots\spots\views.py changed, reloading.
INFO 2024-12-15 17:35:18,215 autoreload 30864 34568 C:\Users\COMPUTER_28\ex\webapp_project\jeju_local_spots\spots\views.py changed, reloading.
INFO 2024-12-15 17:35:50,000 autoreload 21684 12932 Watching for file changes with StatReloader
INFO 2024-12-15 17:35:50,000 autoreload 21684 12932 Watching for file changes with StatReloader
INFO 2024-12-15 17:35:55,432 basehttp 21684 12492 "GET / HTTP/1.1" 200 12618
INFO 2024-12-15 17:35:55,432 basehttp 21684 12492 "GET / HTTP/1.1" 200 12618
INFO 2024-12-15 17:35:56,754 basehttp 21684 12492 "GET /spots/ HTTP/1.1" 200 7647
INFO 2024-12-15 17:35:56,754 basehttp 21684 12492 "GET /spots/ HTTP/1.1" 200 7647
INFO 2024-12-15 17:35:59,816 forms 21684 12492 Form initialization - args: (), kwargs: {'initial': {}, 'prefix': None, 'instance': None}
INFO 2024-12-15 17:35:59,816 forms 21684 12492 Form initialization - args: (), kwargs: {'initial': {}, 'prefix': None, 'instance': None}
INFO 2024-12-15 17:35:59,817 forms 21684 12492 Form initial data: {}
INFO 2024-12-15 17:35:59,817 forms 21684 12492 Form initial data: {}
INFO 2024-12-15 17:35:59,817 forms 21684 12492 Form data: <MultiValueDict: {}>
INFO 2024-12-15 17:35:59,817 forms 21684 12492 Form data: <MultiValueDict: {}>
INFO 2024-12-15 17:35:59,817 forms 21684 12492 Form files: <MultiValueDict: {}>
INFO 2024-12-15 17:35:59,817 forms 21684 12492 Form files: <MultiValueDict: {}>
INFO 2024-12-15 17:35:59,828 basehttp 21684 12492 "GET /spots/create/ HTTP/1.1" 200 9432
INFO 2024-12-15 17:35:59,828 basehttp 21684 12492 "GET /spots/create/ HTTP/1.1" 200 9432
INFO 2024-12-15 17:36:07,865 forms 21684 12492 Form initialization - args: (), kwargs: {'initial': {}, 'prefix': None, 'data': <QueryDict: {'csrfmiddlewaretoken': ['PBuXkMH7bssIHOmqjSXq1TsNeIB8b7uYOslCAxEuA87PLj428M2iYxF6hDGfvcp3'], 'title': ['123'], 'description': ['123'], 'address': ['제주특별자치도 서귀포시 색달동 2812-4 예래동 호텔롯데제주'], 'category': ['1']}>, 'files': <MultiValueDict: {'images': [<InMemoryUploadedFile: casino_1714206.png (image/png)>]}>, 'instance': None}
INFO 2024-12-15 17:36:07,865 forms 21684 12492 Form initialization - args: (), kwargs: {'initial': {}, 'prefix': None, 'data': <QueryDict: {'csrfmiddlewaretoken': ['PBuXkMH7bssIHOmqjSXq1TsNeIB8b7uYOslCAxEuA87PLj428M2iYxF6hDGfvcp3'], 'title': ['123'], 'description': ['123'], 'address': ['제주특별자치도 서귀포시 색달동 2812-4 예래동 호텔롯데제주'], 'category': ['1']}>, 'files': <MultiValueDict: {'images': [<InMemoryUploadedFile: casino_1714206.png (image/png)>]}>, 'instance': None}
INFO 2024-12-15 17:36:07,865 forms 21684 12492 Form initial data: {}
INFO 2024-12-15 17:36:07,865 forms 21684 12492 Form initial data: {}
INFO 2024-12-15 17:36:07,865 forms 21684 12492 Form data: <QueryDict: {'csrfmiddlewaretoken': ['PBuXkMH7bssIHOmqjSXq1TsNeIB8b7uYOslCAxEuA87PLj428M2iYxF6hDGfvcp3'], 'title': ['123'], 'description': ['123'], 'address': ['제주특별자치도 서귀포시 색달동 2812-4 예래동 호텔롯데제주'], 'category': ['1']}>
INFO 2024-12-15 17:36:07,865 forms 21684 12492 Form data: <QueryDict: {'csrfmiddlewaretoken': ['PBuXkMH7bssIHOmqjSXq1TsNeIB8b7uYOslCAxEuA87PLj428M2iYxF6hDGfvcp3'], 'title': ['123'], 'description': ['123'], 'address': ['제주특별자치도 서귀포시 색달동 2812-4 예래동 호텔롯데제주'], 'category': ['1']}>
INFO 2024-12-15 17:36:07,865 forms 21684 12492 Form files: <MultiValueDict: {'images': [<InMemoryUploadedFile: casino_1714206.png (image/png)>]}>
INFO 2024-12-15 17:36:07,865 forms 21684 12492 Form files: <MultiValueDict: {'images': [<InMemoryUploadedFile: casino_1714206.png (image/png)>]}>
INFO 2024-12-15 17:36:07,866 forms 21684 12492 Form data before clean: <QueryDict: {'csrfmiddlewaretoken': ['PBuXkMH7bssIHOmqjSXq1TsNeIB8b7uYOslCAxEuA87PLj428M2iYxF6hDGfvcp3'], 'title': ['123'], 'description': ['123'], 'address': ['제주특별자치도 서귀포시 색달동 2812-4 예래동 호텔롯데제주'], 'category': ['1']}>
INFO 2024-12-15 17:36:07,866 forms 21684 12492 Form data before clean: <QueryDict: {'csrfmiddlewaretoken': ['PBuXkMH7bssIHOmqjSXq1TsNeIB8b7uYOslCAxEuA87PLj428M2iYxF6hDGfvcp3'], 'title': ['123'], 'description': ['123'], 'address': ['제주특별자치도 서귀포시 색달동 2812-4 예래동 호텔롯데제주'], 'category': ['1']}>
INFO 2024-12-15 17:36:07,866 forms 21684 12492 Form files before clean: <MultiValueDict: {'images': [<InMemoryUploadedFile: casino_1714206.png (image/png)>]}>
INFO 2024-12-15 17:36:07,866 forms 21684 12492 Form files before clean: <MultiValueDict: {'images': [<InMemoryUploadedFile: casino_1714206.png (image/png)>]}>
INFO 2024-12-15 17:36:07,866 forms 21684 12492 === Clean Images Method Called ===
INFO 2024-12-15 17:36:07,866 forms 21684 12492 === Clean Images Method Called ===
INFO 2024-12-15 17:36:07,866 forms 21684 12492 Images in clean_images: [<InMemoryUploadedFile: casino_1714206.png (image/png)>]
INFO 2024-12-15 17:36:07,866 forms 21684 12492 Images in clean_images: [<InMemoryUploadedFile: casino_1714206.png (image/png)>]
INFO 2024-12-15 17:36:07,866 forms 21684 12492 Files data: <MultiValueDict: {'images': [<InMemoryUploadedFile: casino_1714206.png (image/png)>]}>
INFO 2024-12-15 17:36:07,866 forms 21684 12492 Files data: <MultiValueDict: {'images': [<InMemoryUploadedFile: casino_1714206.png (image/png)>]}>
INFO 2024-12-15 17:36:07,866 forms 21684 12492 Found 1 images in request.FILES
INFO 2024-12-15 17:36:07,866 forms 21684 12492 Found 1 images in request.FILES
ERROR 2024-12-15 17:36:07,867 views 21684 12492 Form validation failed: <ul class="errorlist"><li>images<ul class="errorlist"><li>No file was submitted. Check the encoding type on the form.</li></ul></li></ul>
ERROR 2024-12-15 17:36:07,867 views 21684 12492 Form validation failed: <ul class="errorlist"><li>images<ul class="errorlist"><li>No file was submitted. Check the encoding type on the form.</li></ul></li></ul>
ERROR 2024-12-15 17:36:07,867 views 21684 12492 Form data: <QueryDict: {'csrfmiddlewaretoken': ['PBuXkMH7bssIHOmqjSXq1TsNeIB8b7uYOslCAxEuA87PLj428M2iYxF6hDGfvcp3'], 'title': ['123'], 'description': ['123'], 'address': ['제주특별자치도 서귀포시 색달동 2812-4 예래동 호텔롯데제주'], 'category': ['1']}>
ERROR 2024-12-15 17:36:07,867 views 21684 12492 Form data: <QueryDict: {'csrfmiddlewaretoken': ['PBuXkMH7bssIHOmqjSXq1TsNeIB8b7uYOslCAxEuA87PLj428M2iYxF6hDGfvcp3'], 'title': ['123'], 'description': ['123'], 'address': ['제주특별자치도 서귀포시 색달동 2812-4 예래동 호텔롯데제주'], 'category': ['1']}>
ERROR 2024-12-15 17:36:07,867 views 21684 12492 Form files: <MultiValueDict: {'images': [<InMemoryUploadedFile: casino_1714206.png (image/png)>]}>
ERROR 2024-12-15 17:36:07,867 views 21684 12492 Form files: <MultiValueDict: {'images': [<InMemoryUploadedFile: casino_1714206.png (image/png)>]}>
INFO 2024-12-15 17:36:07,870 basehttp 21684 12492 "POST /spots/create/ HTTP/1.1" 200 10267
INFO 2024-12-15 17:36:07,870 basehttp 21684 12492 "POST /spots/create/ HTTP/1.1" 200 10267
INFO 2024-12-15 17:37:04,533 autoreload 21684 12932 C:\Users\COMPUTER_28\ex\webapp_project\jeju_local_spots\spots\forms.py changed, reloading.
INFO 2024-12-15 17:37:04,533 autoreload 21684 12932 C:\Users\COMPUTER_28\ex\webapp_project\jeju_local_spots\spots\forms.py changed, reloading.
